<?xml version="1.0" encoding="UTF-8"?>
<testsuite xmlns:xsi="http://www.w3.org/2001/XMLSchema-instance" xsi:noNamespaceSchemaLocation="https://maven.apache.org/surefire/maven-surefire-plugin/xsd/surefire-test-report-3.0.xsd" version="3.0" name="com.divum.MeetingRoomBlocker.ControllerTest.MeetingEntityControllerTest" time="0.033" tests="2" errors="0" skipped="0" failures="0">
  <properties>
    <property name="java.specification.version" value="17"/>
    <property name="sun.jnu.encoding" value="UTF-8"/>
    <property name="java.class.path" value="/home/divum/Documents/Meeting-Room-Booking/backend/target/test-classes:/home/divum/Documents/Meeting-Room-Booking/backend/target/classes:/home/divum/.m2/repository/org/apache/poi/poi/5.2.4/poi-5.2.4.jar:/home/divum/.m2/repository/commons-codec/commons-codec/1.16.0/commons-codec-1.16.0.jar:/home/divum/.m2/repository/org/apache/commons/commons-collections4/4.4/commons-collections4-4.4.jar:/home/divum/.m2/repository/org/apache/commons/commons-math3/3.6.1/commons-math3-3.6.1.jar:/home/divum/.m2/repository/commons-io/commons-io/2.13.0/commons-io-2.13.0.jar:/home/divum/.m2/repository/com/zaxxer/SparseBitSet/1.3/SparseBitSet-1.3.jar:/home/divum/.m2/repository/org/apache/logging/log4j/log4j-api/2.21.1/log4j-api-2.21.1.jar:/home/divum/.m2/repository/org/apache/poi/poi-ooxml/5.2.4/poi-ooxml-5.2.4.jar:/home/divum/.m2/repository/org/apache/poi/poi-ooxml-lite/5.2.4/poi-ooxml-lite-5.2.4.jar:/home/divum/.m2/repository/org/apache/xmlbeans/xmlbeans/5.1.1/xmlbeans-5.1.1.jar:/home/divum/.m2/repository/org/apache/commons/commons-compress/1.24.0/commons-compress-1.24.0.jar:/home/divum/.m2/repository/com/github/virtuald/curvesapi/1.08/curvesapi-1.08.jar:/home/divum/.m2/repository/org/springframework/spring-context/6.1.3/spring-context-6.1.3.jar:/home/divum/.m2/repository/org/springframework/spring-aop/6.1.3/spring-aop-6.1.3.jar:/home/divum/.m2/repository/org/springframework/spring-beans/6.1.3/spring-beans-6.1.3.jar:/home/divum/.m2/repository/org/springframework/spring-core/6.1.3/spring-core-6.1.3.jar:/home/divum/.m2/repository/org/springframework/spring-jcl/6.1.3/spring-jcl-6.1.3.jar:/home/divum/.m2/repository/org/springframework/spring-expression/6.1.3/spring-expression-6.1.3.jar:/home/divum/.m2/repository/io/micrometer/micrometer-observation/1.12.2/micrometer-observation-1.12.2.jar:/home/divum/.m2/repository/io/micrometer/micrometer-commons/1.12.2/micrometer-commons-1.12.2.jar:/home/divum/.m2/repository/com/google/api-client/google-api-client/1.31.5/google-api-client-1.31.5.jar:/home/divum/.m2/repository/com/google/oauth-client/google-oauth-client/1.31.5/google-oauth-client-1.31.5.jar:/home/divum/.m2/repository/com/google/http-client/google-http-client-gson/1.39.2/google-http-client-gson-1.39.2.jar:/home/divum/.m2/repository/com/google/code/gson/gson/2.10.1/gson-2.10.1.jar:/home/divum/.m2/repository/com/google/guava/guava/30.1.1-android/guava-30.1.1-android.jar:/home/divum/.m2/repository/com/google/guava/failureaccess/1.0.1/failureaccess-1.0.1.jar:/home/divum/.m2/repository/com/google/guava/listenablefuture/9999.0-empty-to-avoid-conflict-with-guava/listenablefuture-9999.0-empty-to-avoid-conflict-with-guava.jar:/home/divum/.m2/repository/com/google/code/findbugs/jsr305/3.0.2/jsr305-3.0.2.jar:/home/divum/.m2/repository/org/checkerframework/checker-compat-qual/2.5.5/checker-compat-qual-2.5.5.jar:/home/divum/.m2/repository/com/google/errorprone/error_prone_annotations/2.5.1/error_prone_annotations-2.5.1.jar:/home/divum/.m2/repository/com/google/j2objc/j2objc-annotations/1.3/j2objc-annotations-1.3.jar:/home/divum/.m2/repository/com/google/http-client/google-http-client-apache-v2/1.39.2/google-http-client-apache-v2-1.39.2.jar:/home/divum/.m2/repository/org/apache/httpcomponents/httpcore/4.4.16/httpcore-4.4.16.jar:/home/divum/.m2/repository/org/apache/httpcomponents/httpclient/4.5.13/httpclient-4.5.13.jar:/home/divum/.m2/repository/commons-logging/commons-logging/1.2/commons-logging-1.2.jar:/home/divum/.m2/repository/com/google/http-client/google-http-client/1.39.2/google-http-client-1.39.2.jar:/home/divum/.m2/repository/io/opencensus/opencensus-api/0.28.0/opencensus-api-0.28.0.jar:/home/divum/.m2/repository/io/opencensus/opencensus-contrib-http-util/0.28.0/opencensus-contrib-http-util-0.28.0.jar:/home/divum/.m2/repository/com/google/apis/google-api-services-calendar/v3-rev224-1.22.0/google-api-services-calendar-v3-rev224-1.22.0.jar:/home/divum/.m2/repository/org/springframework/boot/spring-boot-starter-test/3.2.2/spring-boot-starter-test-3.2.2.jar:/home/divum/.m2/repository/org/springframework/boot/spring-boot-starter/3.2.2/spring-boot-starter-3.2.2.jar:/home/divum/.m2/repository/org/springframework/boot/spring-boot/3.2.2/spring-boot-3.2.2.jar:/home/divum/.m2/repository/org/springframework/boot/spring-boot-autoconfigure/3.2.2/spring-boot-autoconfigure-3.2.2.jar:/home/divum/.m2/repository/org/springframework/boot/spring-boot-starter-logging/3.2.2/spring-boot-starter-logging-3.2.2.jar:/home/divum/.m2/repository/ch/qos/logback/logback-classic/1.4.14/logback-classic-1.4.14.jar:/home/divum/.m2/repository/ch/qos/logback/logback-core/1.4.14/logback-core-1.4.14.jar:/home/divum/.m2/repository/org/apache/logging/log4j/log4j-to-slf4j/2.21.1/log4j-to-slf4j-2.21.1.jar:/home/divum/.m2/repository/org/slf4j/jul-to-slf4j/2.0.11/jul-to-slf4j-2.0.11.jar:/home/divum/.m2/repository/jakarta/annotation/jakarta.annotation-api/2.1.1/jakarta.annotation-api-2.1.1.jar:/home/divum/.m2/repository/org/yaml/snakeyaml/2.2/snakeyaml-2.2.jar:/home/divum/.m2/repository/org/springframework/boot/spring-boot-test/3.2.2/spring-boot-test-3.2.2.jar:/home/divum/.m2/repository/org/springframework/boot/spring-boot-test-autoconfigure/3.2.2/spring-boot-test-autoconfigure-3.2.2.jar:/home/divum/.m2/repository/com/jayway/jsonpath/json-path/2.8.0/json-path-2.8.0.jar:/home/divum/.m2/repository/jakarta/xml/bind/jakarta.xml.bind-api/4.0.1/jakarta.xml.bind-api-4.0.1.jar:/home/divum/.m2/repository/jakarta/activation/jakarta.activation-api/2.1.2/jakarta.activation-api-2.1.2.jar:/home/divum/.m2/repository/org/assertj/assertj-core/3.24.2/assertj-core-3.24.2.jar:/home/divum/.m2/repository/net/bytebuddy/byte-buddy/1.14.11/byte-buddy-1.14.11.jar:/home/divum/.m2/repository/org/awaitility/awaitility/4.2.0/awaitility-4.2.0.jar:/home/divum/.m2/repository/org/hamcrest/hamcrest/2.2/hamcrest-2.2.jar:/home/divum/.m2/repository/org/junit/jupiter/junit-jupiter/5.10.1/junit-jupiter-5.10.1.jar:/home/divum/.m2/repository/org/junit/jupiter/junit-jupiter-api/5.10.1/junit-jupiter-api-5.10.1.jar:/home/divum/.m2/repository/org/opentest4j/opentest4j/1.3.0/opentest4j-1.3.0.jar:/home/divum/.m2/repository/org/junit/platform/junit-platform-commons/1.10.1/junit-platform-commons-1.10.1.jar:/home/divum/.m2/repository/org/apiguardian/apiguardian-api/1.1.2/apiguardian-api-1.1.2.jar:/home/divum/.m2/repository/org/junit/jupiter/junit-jupiter-params/5.10.1/junit-jupiter-params-5.10.1.jar:/home/divum/.m2/repository/org/junit/jupiter/junit-jupiter-engine/5.10.1/junit-jupiter-engine-5.10.1.jar:/home/divum/.m2/repository/org/junit/platform/junit-platform-engine/1.10.1/junit-platform-engine-1.10.1.jar:/home/divum/.m2/repository/org/mockito/mockito-core/5.7.0/mockito-core-5.7.0.jar:/home/divum/.m2/repository/net/bytebuddy/byte-buddy-agent/1.14.11/byte-buddy-agent-1.14.11.jar:/home/divum/.m2/repository/org/objenesis/objenesis/3.3/objenesis-3.3.jar:/home/divum/.m2/repository/org/mockito/mockito-junit-jupiter/5.7.0/mockito-junit-jupiter-5.7.0.jar:/home/divum/.m2/repository/org/skyscreamer/jsonassert/1.5.1/jsonassert-1.5.1.jar:/home/divum/.m2/repository/com/vaadin/external/google/android-json/0.0.20131108.vaadin1/android-json-0.0.20131108.vaadin1.jar:/home/divum/.m2/repository/org/springframework/spring-test/6.1.3/spring-test-6.1.3.jar:/home/divum/.m2/repository/org/xmlunit/xmlunit-core/2.9.1/xmlunit-core-2.9.1.jar:/home/divum/.m2/repository/org/springframework/boot/spring-boot-starter-cache/3.1.5/spring-boot-starter-cache-3.1.5.jar:/home/divum/.m2/repository/org/springframework/spring-context-support/6.1.3/spring-context-support-6.1.3.jar:/home/divum/.m2/repository/org/springframework/boot/spring-boot-starter-data-redis/3.1.5/spring-boot-starter-data-redis-3.1.5.jar:/home/divum/.m2/repository/org/springframework/data/spring-data-redis/3.2.2/spring-data-redis-3.2.2.jar:/home/divum/.m2/repository/org/springframework/data/spring-data-keyvalue/3.2.2/spring-data-keyvalue-3.2.2.jar:/home/divum/.m2/repository/org/springframework/spring-tx/6.1.3/spring-tx-6.1.3.jar:/home/divum/.m2/repository/org/springframework/spring-oxm/6.1.3/spring-oxm-6.1.3.jar:/home/divum/.m2/repository/io/lettuce/lettuce-core/6.3.1.RELEASE/lettuce-core-6.3.1.RELEASE.jar:/home/divum/.m2/repository/io/netty/netty-common/4.1.105.Final/netty-common-4.1.105.Final.jar:/home/divum/.m2/repository/io/projectreactor/reactor-core/3.6.2/reactor-core-3.6.2.jar:/home/divum/.m2/repository/org/reactivestreams/reactive-streams/1.0.4/reactive-streams-1.0.4.jar:/home/divum/.m2/repository/net/minidev/json-smart/2.5.0/json-smart-2.5.0.jar:/home/divum/.m2/repository/net/minidev/accessors-smart/2.5.0/accessors-smart-2.5.0.jar:/home/divum/.m2/repository/org/ow2/asm/asm/9.3/asm-9.3.jar:/home/divum/.m2/repository/com/google/apis/google-api-services-sheets/v4-rev581-1.25.0/google-api-services-sheets-v4-rev581-1.25.0.jar:/home/divum/.m2/repository/com/google/oauth-client/google-oauth-client-jetty/1.31.2/google-oauth-client-jetty-1.31.2.jar:/home/divum/.m2/repository/com/google/oauth-client/google-oauth-client-java6/1.31.2/google-oauth-client-java6-1.31.2.jar:/home/divum/.m2/repository/org/springframework/boot/spring-boot-starter-data-jpa/3.2.2/spring-boot-starter-data-jpa-3.2.2.jar:/home/divum/.m2/repository/org/springframework/boot/spring-boot-starter-aop/3.2.2/spring-boot-starter-aop-3.2.2.jar:/home/divum/.m2/repository/org/aspectj/aspectjweaver/1.9.21/aspectjweaver-1.9.21.jar:/home/divum/.m2/repository/org/springframework/boot/spring-boot-starter-jdbc/3.2.2/spring-boot-starter-jdbc-3.2.2.jar:/home/divum/.m2/repository/com/zaxxer/HikariCP/5.0.1/HikariCP-5.0.1.jar:/home/divum/.m2/repository/org/springframework/spring-jdbc/6.1.3/spring-jdbc-6.1.3.jar:/home/divum/.m2/repository/org/hibernate/orm/hibernate-core/6.4.1.Final/hibernate-core-6.4.1.Final.jar:/home/divum/.m2/repository/jakarta/persistence/jakarta.persistence-api/3.1.0/jakarta.persistence-api-3.1.0.jar:/home/divum/.m2/repository/jakarta/transaction/jakarta.transaction-api/2.0.1/jakarta.transaction-api-2.0.1.jar:/home/divum/.m2/repository/org/jboss/logging/jboss-logging/3.5.3.Final/jboss-logging-3.5.3.Final.jar:/home/divum/.m2/repository/org/hibernate/common/hibernate-commons-annotations/6.0.6.Final/hibernate-commons-annotations-6.0.6.Final.jar:/home/divum/.m2/repository/io/smallrye/jandex/3.1.2/jandex-3.1.2.jar:/home/divum/.m2/repository/com/fasterxml/classmate/1.6.0/classmate-1.6.0.jar:/home/divum/.m2/repository/org/glassfish/jaxb/jaxb-runtime/4.0.4/jaxb-runtime-4.0.4.jar:/home/divum/.m2/repository/org/glassfish/jaxb/jaxb-core/4.0.4/jaxb-core-4.0.4.jar:/home/divum/.m2/repository/org/glassfish/jaxb/txw2/4.0.4/txw2-4.0.4.jar:/home/divum/.m2/repository/com/sun/istack/istack-commons-runtime/4.1.2/istack-commons-runtime-4.1.2.jar:/home/divum/.m2/repository/jakarta/inject/jakarta.inject-api/2.0.1/jakarta.inject-api-2.0.1.jar:/home/divum/.m2/repository/org/antlr/antlr4-runtime/4.13.0/antlr4-runtime-4.13.0.jar:/home/divum/.m2/repository/org/springframework/data/spring-data-jpa/3.2.2/spring-data-jpa-3.2.2.jar:/home/divum/.m2/repository/org/springframework/data/spring-data-commons/3.2.2/spring-data-commons-3.2.2.jar:/home/divum/.m2/repository/org/springframework/spring-orm/6.1.3/spring-orm-6.1.3.jar:/home/divum/.m2/repository/org/springframework/spring-aspects/6.1.3/spring-aspects-6.1.3.jar:/home/divum/.m2/repository/org/springframework/boot/spring-boot-starter-mail/3.2.2/spring-boot-starter-mail-3.2.2.jar:/home/divum/.m2/repository/org/eclipse/angus/jakarta.mail/2.0.2/jakarta.mail-2.0.2.jar:/home/divum/.m2/repository/org/eclipse/angus/angus-activation/2.0.1/angus-activation-2.0.1.jar:/home/divum/.m2/repository/org/springframework/boot/spring-boot-starter-web/3.2.1/spring-boot-starter-web-3.2.1.jar:/home/divum/.m2/repository/org/springframework/boot/spring-boot-starter-json/3.2.2/spring-boot-starter-json-3.2.2.jar:/home/divum/.m2/repository/com/fasterxml/jackson/datatype/jackson-datatype-jdk8/2.15.3/jackson-datatype-jdk8-2.15.3.jar:/home/divum/.m2/repository/com/fasterxml/jackson/datatype/jackson-datatype-jsr310/2.15.3/jackson-datatype-jsr310-2.15.3.jar:/home/divum/.m2/repository/com/fasterxml/jackson/module/jackson-module-parameter-names/2.15.3/jackson-module-parameter-names-2.15.3.jar:/home/divum/.m2/repository/org/springframework/boot/spring-boot-starter-tomcat/3.2.2/spring-boot-starter-tomcat-3.2.2.jar:/home/divum/.m2/repository/org/apache/tomcat/embed/tomcat-embed-core/10.1.18/tomcat-embed-core-10.1.18.jar:/home/divum/.m2/repository/org/apache/tomcat/embed/tomcat-embed-websocket/10.1.18/tomcat-embed-websocket-10.1.18.jar:/home/divum/.m2/repository/org/springframework/spring-web/6.1.3/spring-web-6.1.3.jar:/home/divum/.m2/repository/org/springframework/spring-webmvc/6.1.3/spring-webmvc-6.1.3.jar:/home/divum/.m2/repository/org/postgresql/postgresql/42.6.0/postgresql-42.6.0.jar:/home/divum/.m2/repository/org/checkerframework/checker-qual/3.31.0/checker-qual-3.31.0.jar:/home/divum/.m2/repository/org/projectlombok/lombok/1.18.30/lombok-1.18.30.jar:/home/divum/.m2/repository/org/springframework/boot/spring-boot-starter-security/3.2.2/spring-boot-starter-security-3.2.2.jar:/home/divum/.m2/repository/org/springframework/security/spring-security-config/6.2.1/spring-security-config-6.2.1.jar:/home/divum/.m2/repository/org/springframework/security/spring-security-core/6.2.1/spring-security-core-6.2.1.jar:/home/divum/.m2/repository/org/springframework/security/spring-security-crypto/6.2.1/spring-security-crypto-6.2.1.jar:/home/divum/.m2/repository/org/springframework/security/spring-security-web/6.2.1/spring-security-web-6.2.1.jar:/home/divum/.m2/repository/com/fasterxml/jackson/core/jackson-databind/2.15.3/jackson-databind-2.15.3.jar:/home/divum/.m2/repository/com/fasterxml/jackson/core/jackson-annotations/2.15.3/jackson-annotations-2.15.3.jar:/home/divum/.m2/repository/com/fasterxml/jackson/core/jackson-core/2.15.3/jackson-core-2.15.3.jar:/home/divum/.m2/repository/org/springframework/boot/spring-boot-starter-validation/3.2.2/spring-boot-starter-validation-3.2.2.jar:/home/divum/.m2/repository/org/apache/tomcat/embed/tomcat-embed-el/10.1.18/tomcat-embed-el-10.1.18.jar:/home/divum/.m2/repository/org/hibernate/validator/hibernate-validator/8.0.1.Final/hibernate-validator-8.0.1.Final.jar:/home/divum/.m2/repository/jakarta/validation/jakarta.validation-api/3.0.2/jakarta.validation-api-3.0.2.jar:/home/divum/.m2/repository/io/jsonwebtoken/jjwt-jackson/0.11.5/jjwt-jackson-0.11.5.jar:/home/divum/.m2/repository/io/jsonwebtoken/jjwt-impl/0.11.5/jjwt-impl-0.11.5.jar:/home/divum/.m2/repository/io/jsonwebtoken/jjwt-api/0.11.5/jjwt-api-0.11.5.jar:/home/divum/.m2/repository/org/springframework/boot/spring-boot-starter-thymeleaf/3.2.1/spring-boot-starter-thymeleaf-3.2.1.jar:/home/divum/.m2/repository/org/thymeleaf/thymeleaf-spring6/3.1.2.RELEASE/thymeleaf-spring6-3.1.2.RELEASE.jar:/home/divum/.m2/repository/org/thymeleaf/thymeleaf/3.1.2.RELEASE/thymeleaf-3.1.2.RELEASE.jar:/home/divum/.m2/repository/org/attoparser/attoparser/2.0.7.RELEASE/attoparser-2.0.7.RELEASE.jar:/home/divum/.m2/repository/org/unbescape/unbescape/1.1.6.RELEASE/unbescape-1.1.6.RELEASE.jar:/home/divum/.m2/repository/com/github/ulisesbocchio/jasypt-spring-boot-starter/3.0.5/jasypt-spring-boot-starter-3.0.5.jar:/home/divum/.m2/repository/com/github/ulisesbocchio/jasypt-spring-boot/3.0.5/jasypt-spring-boot-3.0.5.jar:/home/divum/.m2/repository/org/jasypt/jasypt/1.9.3/jasypt-1.9.3.jar:/home/divum/.m2/repository/com/google/firebase/firebase-admin/9.2.0/firebase-admin-9.2.0.jar:/home/divum/.m2/repository/com/google/api-client/google-api-client-gson/2.2.0/google-api-client-gson-2.2.0.jar:/home/divum/.m2/repository/com/google/api/api-common/2.12.0/api-common-2.12.0.jar:/home/divum/.m2/repository/com/google/auto/value/auto-value-annotations/1.10.1/auto-value-annotations-1.10.1.jar:/home/divum/.m2/repository/javax/annotation/javax.annotation-api/1.3.2/javax.annotation-api-1.3.2.jar:/home/divum/.m2/repository/com/google/auth/google-auth-library-oauth2-http/1.17.0/google-auth-library-oauth2-http-1.17.0.jar:/home/divum/.m2/repository/com/google/auth/google-auth-library-credentials/1.17.0/google-auth-library-credentials-1.17.0.jar:/home/divum/.m2/repository/com/google/cloud/google-cloud-storage/2.22.4/google-cloud-storage-2.22.4.jar:/home/divum/.m2/repository/com/google/http-client/google-http-client-jackson2/1.43.1/google-http-client-jackson2-1.43.1.jar:/home/divum/.m2/repository/com/google/apis/google-api-services-storage/v1-rev20230301-2.0.0/google-api-services-storage-v1-rev20230301-2.0.0.jar:/home/divum/.m2/repository/com/google/cloud/google-cloud-core/2.19.0/google-cloud-core-2.19.0.jar:/home/divum/.m2/repository/com/google/cloud/google-cloud-core-http/2.19.0/google-cloud-core-http-2.19.0.jar:/home/divum/.m2/repository/com/google/http-client/google-http-client-appengine/1.43.1/google-http-client-appengine-1.43.1.jar:/home/divum/.m2/repository/com/google/api/gax-httpjson/0.114.0/gax-httpjson-0.114.0.jar:/home/divum/.m2/repository/com/google/cloud/google-cloud-core-grpc/2.19.0/google-cloud-core-grpc-2.19.0.jar:/home/divum/.m2/repository/com/google/api/gax/2.29.0/gax-2.29.0.jar:/home/divum/.m2/repository/com/google/api/gax-grpc/2.29.0/gax-grpc-2.29.0.jar:/home/divum/.m2/repository/io/grpc/grpc-alts/1.55.1/grpc-alts-1.55.1.jar:/home/divum/.m2/repository/io/grpc/grpc-grpclb/1.55.1/grpc-grpclb-1.55.1.jar:/home/divum/.m2/repository/org/conscrypt/conscrypt-openjdk-uber/2.5.2/conscrypt-openjdk-uber-2.5.2.jar:/home/divum/.m2/repository/io/grpc/grpc-auth/1.55.1/grpc-auth-1.55.1.jar:/home/divum/.m2/repository/io/grpc/grpc-protobuf/1.55.1/grpc-protobuf-1.55.1.jar:/home/divum/.m2/repository/io/grpc/grpc-protobuf-lite/1.55.1/grpc-protobuf-lite-1.55.1.jar:/home/divum/.m2/repository/io/grpc/grpc-context/1.55.1/grpc-context-1.55.1.jar:/home/divum/.m2/repository/com/google/api/grpc/proto-google-iam-v1/1.15.0/proto-google-iam-v1-1.15.0.jar:/home/divum/.m2/repository/com/google/protobuf/protobuf-java/3.23.2/protobuf-java-3.23.2.jar:/home/divum/.m2/repository/com/google/protobuf/protobuf-java-util/3.23.2/protobuf-java-util-3.23.2.jar:/home/divum/.m2/repository/com/google/api/grpc/proto-google-common-protos/2.20.0/proto-google-common-protos-2.20.0.jar:/home/divum/.m2/repository/org/threeten/threetenbp/1.6.8/threetenbp-1.6.8.jar:/home/divum/.m2/repository/com/google/api/grpc/proto-google-cloud-storage-v2/2.22.4-alpha/proto-google-cloud-storage-v2-2.22.4-alpha.jar:/home/divum/.m2/repository/com/google/api/grpc/grpc-google-cloud-storage-v2/2.22.4-alpha/grpc-google-cloud-storage-v2-2.22.4-alpha.jar:/home/divum/.m2/repository/com/google/api/grpc/gapic-google-cloud-storage-v2/2.22.4-alpha/gapic-google-cloud-storage-v2-2.22.4-alpha.jar:/home/divum/.m2/repository/io/grpc/grpc-api/1.55.1/grpc-api-1.55.1.jar:/home/divum/.m2/repository/io/grpc/grpc-netty-shaded/1.55.1/grpc-netty-shaded-1.55.1.jar:/home/divum/.m2/repository/io/perfmark/perfmark-api/0.26.0/perfmark-api-0.26.0.jar:/home/divum/.m2/repository/io/grpc/grpc-core/1.55.1/grpc-core-1.55.1.jar:/home/divum/.m2/repository/com/google/android/annotations/4.1.1.4/annotations-4.1.1.4.jar:/home/divum/.m2/repository/org/codehaus/mojo/animal-sniffer-annotations/1.23/animal-sniffer-annotations-1.23.jar:/home/divum/.m2/repository/io/grpc/grpc-stub/1.55.1/grpc-stub-1.55.1.jar:/home/divum/.m2/repository/io/grpc/grpc-googleapis/1.55.1/grpc-googleapis-1.55.1.jar:/home/divum/.m2/repository/io/grpc/grpc-xds/1.55.1/grpc-xds-1.55.1.jar:/home/divum/.m2/repository/io/opencensus/opencensus-proto/0.2.0/opencensus-proto-0.2.0.jar:/home/divum/.m2/repository/io/grpc/grpc-services/1.55.1/grpc-services-1.55.1.jar:/home/divum/.m2/repository/com/google/re2j/re2j/1.6/re2j-1.6.jar:/home/divum/.m2/repository/io/grpc/grpc-rls/1.55.1/grpc-rls-1.55.1.jar:/home/divum/.m2/repository/com/google/cloud/google-cloud-firestore/3.13.0/google-cloud-firestore-3.13.0.jar:/home/divum/.m2/repository/com/google/api/grpc/proto-google-cloud-firestore-v1/3.13.0/proto-google-cloud-firestore-v1-3.13.0.jar:/home/divum/.m2/repository/com/google/cloud/proto-google-cloud-firestore-bundle-v1/3.13.0/proto-google-cloud-firestore-bundle-v1-3.13.0.jar:/home/divum/.m2/repository/io/opencensus/opencensus-contrib-grpc-util/0.31.1/opencensus-contrib-grpc-util-0.31.1.jar:/home/divum/.m2/repository/org/slf4j/slf4j-api/2.0.11/slf4j-api-2.0.11.jar:/home/divum/.m2/repository/io/netty/netty-codec-http/4.1.105.Final/netty-codec-http-4.1.105.Final.jar:/home/divum/.m2/repository/io/netty/netty-buffer/4.1.105.Final/netty-buffer-4.1.105.Final.jar:/home/divum/.m2/repository/io/netty/netty-codec/4.1.105.Final/netty-codec-4.1.105.Final.jar:/home/divum/.m2/repository/io/netty/netty-handler/4.1.105.Final/netty-handler-4.1.105.Final.jar:/home/divum/.m2/repository/io/netty/netty-resolver/4.1.105.Final/netty-resolver-4.1.105.Final.jar:/home/divum/.m2/repository/io/netty/netty-transport-native-unix-common/4.1.105.Final/netty-transport-native-unix-common-4.1.105.Final.jar:/home/divum/.m2/repository/io/netty/netty-transport/4.1.105.Final/netty-transport-4.1.105.Final.jar:/home/divum/.m2/repository/com/amazonaws/aws-java-sdk/1.12.651/aws-java-sdk-1.12.651.jar:/home/divum/.m2/repository/com/amazonaws/aws-java-sdk-supplychain/1.12.651/aws-java-sdk-supplychain-1.12.651.jar:/home/divum/.m2/repository/com/amazonaws/jmespath-java/1.12.651/jmespath-java-1.12.651.jar:/home/divum/.m2/repository/com/amazonaws/aws-java-sdk-networkmonitor/1.12.651/aws-java-sdk-networkmonitor-1.12.651.jar:/home/divum/.m2/repository/com/amazonaws/aws-java-sdk-marketplaceagreement/1.12.651/aws-java-sdk-marketplaceagreement-1.12.651.jar:/home/divum/.m2/repository/com/amazonaws/aws-java-sdk-marketplacedeployment/1.12.651/aws-java-sdk-marketplacedeployment-1.12.651.jar:/home/divum/.m2/repository/com/amazonaws/aws-java-sdk-cleanroomsml/1.12.651/aws-java-sdk-cleanroomsml-1.12.651.jar:/home/divum/.m2/repository/com/amazonaws/aws-java-sdk-bedrockagent/1.12.651/aws-java-sdk-bedrockagent-1.12.651.jar:/home/divum/.m2/repository/com/amazonaws/aws-java-sdk-qconnect/1.12.651/aws-java-sdk-qconnect-1.12.651.jar:/home/divum/.m2/repository/com/amazonaws/aws-java-sdk-qbusiness/1.12.651/aws-java-sdk-qbusiness-1.12.651.jar:/home/divum/.m2/repository/com/amazonaws/aws-java-sdk-bedrockagentruntime/1.12.651/aws-java-sdk-bedrockagentruntime-1.12.651.jar:/home/divum/.m2/repository/com/amazonaws/aws-java-sdk-b2bi/1.12.651/aws-java-sdk-b2bi-1.12.651.jar:/home/divum/.m2/repository/com/amazonaws/aws-java-sdk-workspacesthinclient/1.12.651/aws-java-sdk-workspacesthinclient-1.12.651.jar:/home/divum/.m2/repository/com/amazonaws/aws-java-sdk-eksauth/1.12.651/aws-java-sdk-eksauth-1.12.651.jar:/home/divum/.m2/repository/com/amazonaws/aws-java-sdk-freetier/1.12.651/aws-java-sdk-freetier-1.12.651.jar:/home/divum/.m2/repository/com/amazonaws/aws-java-sdk-bcmdataexports/1.12.651/aws-java-sdk-bcmdataexports-1.12.651.jar:/home/divum/.m2/repository/com/amazonaws/aws-java-sdk-repostspace/1.12.651/aws-java-sdk-repostspace-1.12.651.jar:/home/divum/.m2/repository/com/amazonaws/aws-java-sdk-costoptimizationhub/1.12.651/aws-java-sdk-costoptimizationhub-1.12.651.jar:/home/divum/.m2/repository/com/amazonaws/aws-java-sdk-inspectorscan/1.12.651/aws-java-sdk-inspectorscan-1.12.651.jar:/home/divum/.m2/repository/com/amazonaws/aws-java-sdk-trustedadvisor/1.12.651/aws-java-sdk-trustedadvisor-1.12.651.jar:/home/divum/.m2/repository/com/amazonaws/aws-java-sdk-launchwizard/1.12.651/aws-java-sdk-launchwizard-1.12.651.jar:/home/divum/.m2/repository/com/amazonaws/aws-java-sdk-datazoneexternal/1.12.651/aws-java-sdk-datazoneexternal-1.12.651.jar:/home/divum/.m2/repository/com/amazonaws/aws-java-sdk-bedrock/1.12.651/aws-java-sdk-bedrock-1.12.651.jar:/home/divum/.m2/repository/com/amazonaws/aws-java-sdk-bedrockruntime/1.12.651/aws-java-sdk-bedrockruntime-1.12.651.jar:/home/divum/.m2/repository/com/amazonaws/aws-java-sdk-neptunedata/1.12.651/aws-java-sdk-neptunedata-1.12.651.jar:/home/divum/.m2/repository/com/amazonaws/aws-java-sdk-pcaconnectorad/1.12.651/aws-java-sdk-pcaconnectorad-1.12.651.jar:/home/divum/.m2/repository/com/amazonaws/aws-java-sdk-managedblockchainquery/1.12.651/aws-java-sdk-managedblockchainquery-1.12.651.jar:/home/divum/.m2/repository/com/amazonaws/aws-java-sdk-entityresolution/1.12.651/aws-java-sdk-entityresolution-1.12.651.jar:/home/divum/.m2/repository/com/amazonaws/aws-java-sdk-medicalimaging/1.12.651/aws-java-sdk-medicalimaging-1.12.651.jar:/home/divum/.m2/repository/com/amazonaws/aws-java-sdk-appfabric/1.12.651/aws-java-sdk-appfabric-1.12.651.jar:/home/divum/.m2/repository/com/amazonaws/aws-java-sdk-verifiedpermissions/1.12.651/aws-java-sdk-verifiedpermissions-1.12.651.jar:/home/divum/.m2/repository/com/amazonaws/aws-java-sdk-codegurusecurity/1.12.651/aws-java-sdk-codegurusecurity-1.12.651.jar:/home/divum/.m2/repository/com/amazonaws/aws-java-sdk-paymentcryptography/1.12.651/aws-java-sdk-paymentcryptography-1.12.651.jar:/home/divum/.m2/repository/com/amazonaws/aws-java-sdk-paymentcryptographydata/1.12.651/aws-java-sdk-paymentcryptographydata-1.12.651.jar:/home/divum/.m2/repository/com/amazonaws/aws-java-sdk-mediapackagev2/1.12.651/aws-java-sdk-mediapackagev2-1.12.651.jar:/home/divum/.m2/repository/com/amazonaws/aws-java-sdk-osis/1.12.651/aws-java-sdk-osis-1.12.651.jar:/home/divum/.m2/repository/com/amazonaws/aws-java-sdk-vpclattice/1.12.651/aws-java-sdk-vpclattice-1.12.651.jar:/home/divum/.m2/repository/com/amazonaws/aws-java-sdk-ivsrealtime/1.12.651/aws-java-sdk-ivsrealtime-1.12.651.jar:/home/divum/.m2/repository/com/amazonaws/aws-java-sdk-internetmonitor/1.12.651/aws-java-sdk-internetmonitor-1.12.651.jar:/home/divum/.m2/repository/com/amazonaws/aws-java-sdk-tnb/1.12.651/aws-java-sdk-tnb-1.12.651.jar:/home/divum/.m2/repository/com/amazonaws/aws-java-sdk-cloudtraildata/1.12.651/aws-java-sdk-cloudtraildata-1.12.651.jar:/home/divum/.m2/repository/com/amazonaws/aws-java-sdk-cleanrooms/1.12.651/aws-java-sdk-cleanrooms-1.12.651.jar:/home/divum/.m2/repository/com/amazonaws/aws-java-sdk-kendraranking/1.12.651/aws-java-sdk-kendraranking-1.12.651.jar:/home/divum/.m2/repository/com/amazonaws/aws-java-sdk-licensemanagerlinuxsubscriptions/1.12.651/aws-java-sdk-licensemanagerlinuxsubscriptions-1.12.651.jar:/home/divum/.m2/repository/com/amazonaws/aws-java-sdk-kinesisvideowebrtcstorage/1.12.651/aws-java-sdk-kinesisvideowebrtcstorage-1.12.651.jar:/home/divum/.m2/repository/com/amazonaws/aws-java-sdk-sagemakermetrics/1.12.651/aws-java-sdk-sagemakermetrics-1.12.651.jar:/home/divum/.m2/repository/com/amazonaws/aws-java-sdk-pipes/1.12.651/aws-java-sdk-pipes-1.12.651.jar:/home/divum/.m2/repository/com/amazonaws/aws-java-sdk-sagemakergeospatial/1.12.651/aws-java-sdk-sagemakergeospatial-1.12.651.jar:/home/divum/.m2/repository/com/amazonaws/aws-java-sdk-docdbelastic/1.12.651/aws-java-sdk-docdbelastic-1.12.651.jar:/home/divum/.m2/repository/com/amazonaws/aws-java-sdk-omics/1.12.651/aws-java-sdk-omics-1.12.651.jar:/home/divum/.m2/repository/com/amazonaws/aws-java-sdk-opensearchserverless/1.12.651/aws-java-sdk-opensearchserverless-1.12.651.jar:/home/divum/.m2/repository/com/amazonaws/aws-java-sdk-securitylake/1.12.651/aws-java-sdk-securitylake-1.12.651.jar:/home/divum/.m2/repository/com/amazonaws/aws-java-sdk-simspaceweaver/1.12.651/aws-java-sdk-simspaceweaver-1.12.651.jar:/home/divum/.m2/repository/com/amazonaws/aws-java-sdk-arczonalshift/1.12.651/aws-java-sdk-arczonalshift-1.12.651.jar:/home/divum/.m2/repository/com/amazonaws/aws-java-sdk-oam/1.12.651/aws-java-sdk-oam-1.12.651.jar:/home/divum/.m2/repository/com/amazonaws/aws-java-sdk-iotroborunner/1.12.651/aws-java-sdk-iotroborunner-1.12.651.jar:/home/divum/.m2/repository/com/amazonaws/aws-java-sdk-chimesdkvoice/1.12.651/aws-java-sdk-chimesdkvoice-1.12.651.jar:/home/divum/.m2/repository/com/amazonaws/aws-java-sdk-ssmsap/1.12.651/aws-java-sdk-ssmsap-1.12.651.jar:/home/divum/.m2/repository/com/amazonaws/aws-java-sdk-scheduler/1.12.651/aws-java-sdk-scheduler-1.12.651.jar:/home/divum/.m2/repository/com/amazonaws/aws-java-sdk-resourceexplorer2/1.12.651/aws-java-sdk-resourceexplorer2-1.12.651.jar:/home/divum/.m2/repository/com/amazonaws/aws-java-sdk-connectcases/1.12.651/aws-java-sdk-connectcases-1.12.651.jar:/home/divum/.m2/repository/com/amazonaws/aws-java-sdk-migrationhuborchestrator/1.12.651/aws-java-sdk-migrationhuborchestrator-1.12.651.jar:/home/divum/.m2/repository/com/amazonaws/aws-java-sdk-iotfleetwise/1.12.651/aws-java-sdk-iotfleetwise-1.12.651.jar:/home/divum/.m2/repository/com/amazonaws/aws-java-sdk-controltower/1.12.651/aws-java-sdk-controltower-1.12.651.jar:/home/divum/.m2/repository/com/amazonaws/aws-java-sdk-supportapp/1.12.651/aws-java-sdk-supportapp-1.12.651.jar:/home/divum/.m2/repository/com/amazonaws/aws-java-sdk-private5g/1.12.651/aws-java-sdk-private5g-1.12.651.jar:/home/divum/.m2/repository/com/amazonaws/aws-java-sdk-backupstorage/1.12.651/aws-java-sdk-backupstorage-1.12.651.jar:/home/divum/.m2/repository/com/amazonaws/aws-java-sdk-licensemanagerusersubscriptions/1.12.651/aws-java-sdk-licensemanagerusersubscriptions-1.12.651.jar:/home/divum/.m2/repository/com/amazonaws/aws-java-sdk-iamrolesanywhere/1.12.651/aws-java-sdk-iamrolesanywhere-1.12.651.jar:/home/divum/.m2/repository/com/amazonaws/aws-java-sdk-redshiftserverless/1.12.651/aws-java-sdk-redshiftserverless-1.12.651.jar:/home/divum/.m2/repository/com/amazonaws/aws-java-sdk-connectcampaign/1.12.651/aws-java-sdk-connectcampaign-1.12.651.jar:/home/divum/.m2/repository/com/amazonaws/aws-java-sdk-mainframemodernization/1.12.651/aws-java-sdk-mainframemodernization-1.12.651.jar:/home/divum/.m2/repository/com/amazonaws/aws-java-sdk-emrserverless/1.12.651/aws-java-sdk-emrserverless-1.12.651.jar:/home/divum/.m2/repository/com/amazonaws/aws-java-sdk-chimesdkmediapipelines/1.12.651/aws-java-sdk-chimesdkmediapipelines-1.12.651.jar:/home/divum/.m2/repository/com/amazonaws/aws-java-sdk-ivschat/1.12.651/aws-java-sdk-ivschat-1.12.651.jar:/home/divum/.m2/repository/com/amazonaws/aws-java-sdk-pinpointsmsvoicev2/1.12.651/aws-java-sdk-pinpointsmsvoicev2-1.12.651.jar:/home/divum/.m2/repository/com/amazonaws/aws-java-sdk-billingconductor/1.12.651/aws-java-sdk-billingconductor-1.12.651.jar:/home/divum/.m2/repository/com/amazonaws/aws-java-sdk-keyspaces/1.12.651/aws-java-sdk-keyspaces-1.12.651.jar:/home/divum/.m2/repository/com/amazonaws/aws-java-sdk-amplifyuibuilder/1.12.651/aws-java-sdk-amplifyuibuilder-1.12.651.jar:/home/divum/.m2/repository/com/amazonaws/aws-java-sdk-backupgateway/1.12.651/aws-java-sdk-backupgateway-1.12.651.jar:/home/divum/.m2/repository/com/amazonaws/aws-java-sdk-workspacesweb/1.12.651/aws-java-sdk-workspacesweb-1.12.651.jar:/home/divum/.m2/repository/com/amazonaws/aws-java-sdk-iottwinmaker/1.12.651/aws-java-sdk-iottwinmaker-1.12.651.jar:/home/divum/.m2/repository/com/amazonaws/aws-java-sdk-recyclebin/1.12.651/aws-java-sdk-recyclebin-1.12.651.jar:/home/divum/.m2/repository/com/amazonaws/aws-java-sdk-cloudwatchrum/1.12.651/aws-java-sdk-cloudwatchrum-1.12.651.jar:/home/divum/.m2/repository/com/amazonaws/aws-java-sdk-cloudwatchevidently/1.12.651/aws-java-sdk-cloudwatchevidently-1.12.651.jar:/home/divum/.m2/repository/com/amazonaws/aws-java-sdk-inspector2/1.12.651/aws-java-sdk-inspector2-1.12.651.jar:/home/divum/.m2/repository/com/amazonaws/aws-java-sdk-migrationhubrefactorspaces/1.12.651/aws-java-sdk-migrationhubrefactorspaces-1.12.651.jar:/home/divum/.m2/repository/com/amazonaws/aws-java-sdk-appconfigdata/1.12.651/aws-java-sdk-appconfigdata-1.12.651.jar:/home/divum/.m2/repository/com/amazonaws/aws-java-sdk-drs/1.12.651/aws-java-sdk-drs-1.12.651.jar:/home/divum/.m2/repository/com/amazonaws/aws-java-sdk-migrationhubstrategyrecommendations/1.12.651/aws-java-sdk-migrationhubstrategyrecommendations-1.12.651.jar:/home/divum/.m2/repository/com/amazonaws/aws-java-sdk-resiliencehub/1.12.651/aws-java-sdk-resiliencehub-1.12.651.jar:/home/divum/.m2/repository/com/amazonaws/aws-java-sdk-chimesdkmeetings/1.12.651/aws-java-sdk-chimesdkmeetings-1.12.651.jar:/home/divum/.m2/repository/com/amazonaws/aws-java-sdk-panorama/1.12.651/aws-java-sdk-panorama-1.12.651.jar:/home/divum/.m2/repository/com/amazonaws/aws-java-sdk-managedgrafana/1.12.651/aws-java-sdk-managedgrafana-1.12.651.jar:/home/divum/.m2/repository/com/amazonaws/aws-java-sdk-cloudcontrolapi/1.12.651/aws-java-sdk-cloudcontrolapi-1.12.651.jar:/home/divum/.m2/repository/com/amazonaws/aws-java-sdk-account/1.12.651/aws-java-sdk-account-1.12.651.jar:/home/divum/.m2/repository/com/amazonaws/aws-java-sdk-voiceid/1.12.651/aws-java-sdk-voiceid-1.12.651.jar:/home/divum/.m2/repository/com/amazonaws/aws-java-sdk-connectwisdom/1.12.651/aws-java-sdk-connectwisdom-1.12.651.jar:/home/divum/.m2/repository/com/amazonaws/aws-java-sdk-kafkaconnect/1.12.651/aws-java-sdk-kafkaconnect-1.12.651.jar:/home/divum/.m2/repository/com/amazonaws/aws-java-sdk-opensearch/1.12.651/aws-java-sdk-opensearch-1.12.651.jar:/home/divum/.m2/repository/com/amazonaws/aws-java-sdk-memorydb/1.12.651/aws-java-sdk-memorydb-1.12.651.jar:/home/divum/.m2/repository/com/amazonaws/aws-java-sdk-snowdevicemanagement/1.12.651/aws-java-sdk-snowdevicemanagement-1.12.651.jar:/home/divum/.m2/repository/com/amazonaws/aws-java-sdk-chimesdkidentity/1.12.651/aws-java-sdk-chimesdkidentity-1.12.651.jar:/home/divum/.m2/repository/com/amazonaws/aws-java-sdk-chimesdkmessaging/1.12.651/aws-java-sdk-chimesdkmessaging-1.12.651.jar:/home/divum/.m2/repository/com/amazonaws/aws-java-sdk-route53recoverycluster/1.12.651/aws-java-sdk-route53recoverycluster-1.12.651.jar:/home/divum/.m2/repository/com/amazonaws/aws-java-sdk-route53recoverycontrolconfig/1.12.651/aws-java-sdk-route53recoverycontrolconfig-1.12.651.jar:/home/divum/.m2/repository/com/amazonaws/aws-java-sdk-route53recoveryreadiness/1.12.651/aws-java-sdk-route53recoveryreadiness-1.12.651.jar:/home/divum/.m2/repository/com/amazonaws/aws-java-sdk-proton/1.12.651/aws-java-sdk-proton-1.12.651.jar:/home/divum/.m2/repository/com/amazonaws/aws-java-sdk-apprunner/1.12.651/aws-java-sdk-apprunner-1.12.651.jar:/home/divum/.m2/repository/com/amazonaws/aws-java-sdk-applicationcostprofiler/1.12.651/aws-java-sdk-applicationcostprofiler-1.12.651.jar:/home/divum/.m2/repository/com/amazonaws/aws-java-sdk-ssmcontacts/1.12.651/aws-java-sdk-ssmcontacts-1.12.651.jar:/home/divum/.m2/repository/com/amazonaws/aws-java-sdk-ssmincidents/1.12.651/aws-java-sdk-ssmincidents-1.12.651.jar:/home/divum/.m2/repository/com/amazonaws/aws-java-sdk-finspacedata/1.12.651/aws-java-sdk-finspacedata-1.12.651.jar:/home/divum/.m2/repository/com/amazonaws/aws-java-sdk-finspace/1.12.651/aws-java-sdk-finspace-1.12.651.jar:/home/divum/.m2/repository/com/amazonaws/aws-java-sdk-nimblestudio/1.12.651/aws-java-sdk-nimblestudio-1.12.651.jar:/home/divum/.m2/repository/com/amazonaws/aws-java-sdk-lookoutequipment/1.12.651/aws-java-sdk-lookoutequipment-1.12.651.jar:/home/divum/.m2/repository/com/amazonaws/aws-java-sdk-mgn/1.12.651/aws-java-sdk-mgn-1.12.651.jar:/home/divum/.m2/repository/com/amazonaws/aws-java-sdk-lookoutmetrics/1.12.651/aws-java-sdk-lookoutmetrics-1.12.651.jar:/home/divum/.m2/repository/com/amazonaws/aws-java-sdk-fis/1.12.651/aws-java-sdk-fis-1.12.651.jar:/home/divum/.m2/repository/com/amazonaws/aws-java-sdk-lexmodelsv2/1.12.651/aws-java-sdk-lexmodelsv2-1.12.651.jar:/home/divum/.m2/repository/com/amazonaws/aws-java-sdk-lexruntimev2/1.12.651/aws-java-sdk-lexruntimev2-1.12.651.jar:/home/divum/.m2/repository/com/amazonaws/aws-java-sdk-wellarchitected/1.12.651/aws-java-sdk-wellarchitected-1.12.651.jar:/home/divum/.m2/repository/com/amazonaws/aws-java-sdk-location/1.12.651/aws-java-sdk-location-1.12.651.jar:/home/divum/.m2/repository/com/amazonaws/aws-java-sdk-iotdeviceadvisor/1.12.651/aws-java-sdk-iotdeviceadvisor-1.12.651.jar:/home/divum/.m2/repository/com/amazonaws/aws-java-sdk-iotfleethub/1.12.651/aws-java-sdk-iotfleethub-1.12.651.jar:/home/divum/.m2/repository/com/amazonaws/aws-java-sdk-iotwireless/1.12.651/aws-java-sdk-iotwireless-1.12.651.jar:/home/divum/.m2/repository/com/amazonaws/aws-java-sdk-greengrassv2/1.12.651/aws-java-sdk-greengrassv2-1.12.651.jar:/home/divum/.m2/repository/com/amazonaws/aws-java-sdk-prometheus/1.12.651/aws-java-sdk-prometheus-1.12.651.jar:/home/divum/.m2/repository/com/amazonaws/aws-java-sdk-auditmanager/1.12.651/aws-java-sdk-auditmanager-1.12.651.jar:/home/divum/.m2/repository/com/amazonaws/aws-java-sdk-healthlake/1.12.651/aws-java-sdk-healthlake-1.12.651.jar:/home/divum/.m2/repository/com/amazonaws/aws-java-sdk-sagemakeredgemanager/1.12.651/aws-java-sdk-sagemakeredgemanager-1.12.651.jar:/home/divum/.m2/repository/com/amazonaws/aws-java-sdk-emrcontainers/1.12.651/aws-java-sdk-emrcontainers-1.12.651.jar:/home/divum/.m2/repository/com/amazonaws/aws-java-sdk-customerprofiles/1.12.651/aws-java-sdk-customerprofiles-1.12.651.jar:/home/divum/.m2/repository/com/amazonaws/aws-java-sdk-lookoutforvision/1.12.651/aws-java-sdk-lookoutforvision-1.12.651.jar:/home/divum/.m2/repository/com/amazonaws/aws-java-sdk-connectcontactlens/1.12.651/aws-java-sdk-connectcontactlens-1.12.651.jar:/home/divum/.m2/repository/com/amazonaws/aws-java-sdk-amplifybackend/1.12.651/aws-java-sdk-amplifybackend-1.12.651.jar:/home/divum/.m2/repository/com/amazonaws/aws-java-sdk-ecrpublic/1.12.651/aws-java-sdk-ecrpublic-1.12.651.jar:/home/divum/.m2/repository/com/amazonaws/aws-java-sdk-appintegrations/1.12.651/aws-java-sdk-appintegrations-1.12.651.jar:/home/divum/.m2/repository/com/amazonaws/aws-java-sdk-sagemakerfeaturestoreruntime/1.12.651/aws-java-sdk-sagemakerfeaturestoreruntime-1.12.651.jar:/home/divum/.m2/repository/com/amazonaws/aws-java-sdk-devopsguru/1.12.651/aws-java-sdk-devopsguru-1.12.651.jar:/home/divum/.m2/repository/com/amazonaws/aws-java-sdk-mwaa/1.12.651/aws-java-sdk-mwaa-1.12.651.jar:/home/divum/.m2/repository/com/amazonaws/aws-java-sdk-networkfirewall/1.12.651/aws-java-sdk-networkfirewall-1.12.651.jar:/home/divum/.m2/repository/com/amazonaws/aws-java-sdk-appregistry/1.12.651/aws-java-sdk-appregistry-1.12.651.jar:/home/divum/.m2/repository/com/amazonaws/aws-java-sdk-gluedatabrew/1.12.651/aws-java-sdk-gluedatabrew-1.12.651.jar:/home/divum/.m2/repository/com/amazonaws/aws-java-sdk-s3outposts/1.12.651/aws-java-sdk-s3outposts-1.12.651.jar:/home/divum/.m2/repository/com/amazonaws/aws-java-sdk-timestreamquery/1.12.651/aws-java-sdk-timestreamquery-1.12.651.jar:/home/divum/.m2/repository/com/amazonaws/aws-java-sdk-timestreamwrite/1.12.651/aws-java-sdk-timestreamwrite-1.12.651.jar:/home/divum/.m2/repository/com/amazonaws/aws-java-sdk-ssoadmin/1.12.651/aws-java-sdk-ssoadmin-1.12.651.jar:/home/divum/.m2/repository/com/amazonaws/aws-java-sdk-redshiftdataapi/1.12.651/aws-java-sdk-redshiftdataapi-1.12.651.jar:/home/divum/.m2/repository/com/amazonaws/aws-java-sdk-appflow/1.12.651/aws-java-sdk-appflow-1.12.651.jar:/home/divum/.m2/repository/com/amazonaws/aws-java-sdk-identitystore/1.12.651/aws-java-sdk-identitystore-1.12.651.jar:/home/divum/.m2/repository/com/amazonaws/aws-java-sdk-braket/1.12.651/aws-java-sdk-braket-1.12.651.jar:/home/divum/.m2/repository/com/amazonaws/aws-java-sdk-ivs/1.12.651/aws-java-sdk-ivs-1.12.651.jar:/home/divum/.m2/repository/com/amazonaws/aws-java-sdk-honeycode/1.12.651/aws-java-sdk-honeycode-1.12.651.jar:/home/divum/.m2/repository/com/amazonaws/aws-java-sdk-codeartifact/1.12.651/aws-java-sdk-codeartifact-1.12.651.jar:/home/divum/.m2/repository/com/amazonaws/aws-java-sdk-macie2/1.12.651/aws-java-sdk-macie2-1.12.651.jar:/home/divum/.m2/repository/com/amazonaws/aws-java-sdk-iotsitewise/1.12.651/aws-java-sdk-iotsitewise-1.12.651.jar:/home/divum/.m2/repository/com/amazonaws/aws-java-sdk-synthetics/1.12.651/aws-java-sdk-synthetics-1.12.651.jar:/home/divum/.m2/repository/com/amazonaws/aws-java-sdk-codestarconnections/1.12.651/aws-java-sdk-codestarconnections-1.12.651.jar:/home/divum/.m2/repository/com/amazonaws/aws-java-sdk-detective/1.12.651/aws-java-sdk-detective-1.12.651.jar:/home/divum/.m2/repository/com/amazonaws/aws-java-sdk-kinesisvideosignalingchannels/1.12.651/aws-java-sdk-kinesisvideosignalingchannels-1.12.651.jar:/home/divum/.m2/repository/com/amazonaws/aws-java-sdk-ebs/1.12.651/aws-java-sdk-ebs-1.12.651.jar:/home/divum/.m2/repository/com/amazonaws/aws-java-sdk-augmentedairuntime/1.12.651/aws-java-sdk-augmentedairuntime-1.12.651.jar:/home/divum/.m2/repository/com/amazonaws/aws-java-sdk-outposts/1.12.651/aws-java-sdk-outposts-1.12.651.jar:/home/divum/.m2/repository/com/amazonaws/aws-java-sdk-codeguruprofiler/1.12.651/aws-java-sdk-codeguruprofiler-1.12.651.jar:/home/divum/.m2/repository/com/amazonaws/aws-java-sdk-codegurureviewer/1.12.651/aws-java-sdk-codegurureviewer-1.12.651.jar:/home/divum/.m2/repository/com/amazonaws/aws-java-sdk-frauddetector/1.12.651/aws-java-sdk-frauddetector-1.12.651.jar:/home/divum/.m2/repository/com/amazonaws/aws-java-sdk-kendra/1.12.651/aws-java-sdk-kendra-1.12.651.jar:/home/divum/.m2/repository/com/amazonaws/aws-java-sdk-networkmanager/1.12.651/aws-java-sdk-networkmanager-1.12.651.jar:/home/divum/.m2/repository/com/amazonaws/aws-java-sdk-computeoptimizer/1.12.651/aws-java-sdk-computeoptimizer-1.12.651.jar:/home/divum/.m2/repository/com/amazonaws/aws-java-sdk-accessanalyzer/1.12.651/aws-java-sdk-accessanalyzer-1.12.651.jar:/home/divum/.m2/repository/com/amazonaws/aws-java-sdk-schemas/1.12.651/aws-java-sdk-schemas-1.12.651.jar:/home/divum/.m2/repository/com/amazonaws/aws-java-sdk-imagebuilder/1.12.651/aws-java-sdk-imagebuilder-1.12.651.jar:/home/divum/.m2/repository/com/amazonaws/aws-java-sdk-elasticinference/1.12.651/aws-java-sdk-elasticinference-1.12.651.jar:/home/divum/.m2/repository/com/amazonaws/aws-java-sdk-iotsecuretunneling/1.12.651/aws-java-sdk-iotsecuretunneling-1.12.651.jar:/home/divum/.m2/repository/com/amazonaws/aws-java-sdk-appconfig/1.12.651/aws-java-sdk-appconfig-1.12.651.jar:/home/divum/.m2/repository/com/amazonaws/aws-java-sdk-wafv2/1.12.651/aws-java-sdk-wafv2-1.12.651.jar:/home/divum/.m2/repository/com/amazonaws/aws-java-sdk-connectparticipant/1.12.651/aws-java-sdk-connectparticipant-1.12.651.jar:/home/divum/.m2/repository/com/amazonaws/aws-java-sdk-migrationhubconfig/1.12.651/aws-java-sdk-migrationhubconfig-1.12.651.jar:/home/divum/.m2/repository/com/amazonaws/aws-java-sdk-dataexchange/1.12.651/aws-java-sdk-dataexchange-1.12.651.jar:/home/divum/.m2/repository/com/amazonaws/aws-java-sdk-sesv2/1.12.651/aws-java-sdk-sesv2-1.12.651.jar:/home/divum/.m2/repository/com/amazonaws/aws-java-sdk-marketplacecatalog/1.12.651/aws-java-sdk-marketplacecatalog-1.12.651.jar:/home/divum/.m2/repository/com/amazonaws/aws-java-sdk-ssooidc/1.12.651/aws-java-sdk-ssooidc-1.12.651.jar:/home/divum/.m2/repository/com/amazonaws/aws-java-sdk-sso/1.12.651/aws-java-sdk-sso-1.12.651.jar:/home/divum/.m2/repository/com/amazonaws/aws-java-sdk-savingsplans/1.12.651/aws-java-sdk-savingsplans-1.12.651.jar:/home/divum/.m2/repository/com/amazonaws/aws-java-sdk-codestarnotifications/1.12.651/aws-java-sdk-codestarnotifications-1.12.651.jar:/home/divum/.m2/repository/com/amazonaws/aws-java-sdk-workmailmessageflow/1.12.651/aws-java-sdk-workmailmessageflow-1.12.651.jar:/home/divum/.m2/repository/com/amazonaws/aws-java-sdk-qldbsession/1.12.651/aws-java-sdk-qldbsession-1.12.651.jar:/home/divum/.m2/repository/com/amazonaws/aws-java-sdk-qldb/1.12.651/aws-java-sdk-qldb-1.12.651.jar:/home/divum/.m2/repository/com/amazonaws/aws-java-sdk-forecastquery/1.12.651/aws-java-sdk-forecastquery-1.12.651.jar:/home/divum/.m2/repository/com/amazonaws/aws-java-sdk-forecast/1.12.651/aws-java-sdk-forecast-1.12.651.jar:/home/divum/.m2/repository/com/amazonaws/aws-java-sdk-lakeformation/1.12.651/aws-java-sdk-lakeformation-1.12.651.jar:/home/divum/.m2/repository/com/amazonaws/aws-java-sdk-eventbridge/1.12.651/aws-java-sdk-eventbridge-1.12.651.jar:/home/divum/.m2/repository/com/amazonaws/aws-java-sdk-ec2instanceconnect/1.12.651/aws-java-sdk-ec2instanceconnect-1.12.651.jar:/home/divum/.m2/repository/com/amazonaws/aws-java-sdk-applicationinsights/1.12.651/aws-java-sdk-applicationinsights-1.12.651.jar:/home/divum/.m2/repository/com/amazonaws/aws-java-sdk-servicequotas/1.12.651/aws-java-sdk-servicequotas-1.12.651.jar:/home/divum/.m2/repository/com/amazonaws/aws-java-sdk-personalizeevents/1.12.651/aws-java-sdk-personalizeevents-1.12.651.jar:/home/divum/.m2/repository/com/amazonaws/aws-java-sdk-personalize/1.12.651/aws-java-sdk-personalize-1.12.651.jar:/home/divum/.m2/repository/com/amazonaws/aws-java-sdk-personalizeruntime/1.12.651/aws-java-sdk-personalizeruntime-1.12.651.jar:/home/divum/.m2/repository/com/amazonaws/aws-java-sdk-ioteventsdata/1.12.651/aws-java-sdk-ioteventsdata-1.12.651.jar:/home/divum/.m2/repository/com/amazonaws/aws-java-sdk-iotevents/1.12.651/aws-java-sdk-iotevents-1.12.651.jar:/home/divum/.m2/repository/com/amazonaws/aws-java-sdk-iotthingsgraph/1.12.651/aws-java-sdk-iotthingsgraph-1.12.651.jar:/home/divum/.m2/repository/com/amazonaws/aws-java-sdk-groundstation/1.12.651/aws-java-sdk-groundstation-1.12.651.jar:/home/divum/.m2/repository/com/amazonaws/aws-java-sdk-mediapackagevod/1.12.651/aws-java-sdk-mediapackagevod-1.12.651.jar:/home/divum/.m2/repository/com/amazonaws/aws-java-sdk-managedblockchain/1.12.651/aws-java-sdk-managedblockchain-1.12.651.jar:/home/divum/.m2/repository/com/amazonaws/aws-java-sdk-textract/1.12.651/aws-java-sdk-textract-1.12.651.jar:/home/divum/.m2/repository/com/amazonaws/aws-java-sdk-worklink/1.12.651/aws-java-sdk-worklink-1.12.651.jar:/home/divum/.m2/repository/com/amazonaws/aws-java-sdk-backup/1.12.651/aws-java-sdk-backup-1.12.651.jar:/home/divum/.m2/repository/com/amazonaws/aws-java-sdk-docdb/1.12.651/aws-java-sdk-docdb-1.12.651.jar:/home/divum/.m2/repository/com/amazonaws/aws-java-sdk-apigatewayv2/1.12.651/aws-java-sdk-apigatewayv2-1.12.651.jar:/home/divum/.m2/repository/com/amazonaws/aws-java-sdk-apigatewaymanagementapi/1.12.651/aws-java-sdk-apigatewaymanagementapi-1.12.651.jar:/home/divum/.m2/repository/com/amazonaws/aws-java-sdk-kafka/1.12.651/aws-java-sdk-kafka-1.12.651.jar:/home/divum/.m2/repository/com/amazonaws/aws-java-sdk-appmesh/1.12.651/aws-java-sdk-appmesh-1.12.651.jar:/home/divum/.m2/repository/com/amazonaws/aws-java-sdk-licensemanager/1.12.651/aws-java-sdk-licensemanager-1.12.651.jar:/home/divum/.m2/repository/com/amazonaws/aws-java-sdk-securityhub/1.12.651/aws-java-sdk-securityhub-1.12.651.jar:/home/divum/.m2/repository/com/amazonaws/aws-java-sdk-fsx/1.12.651/aws-java-sdk-fsx-1.12.651.jar:/home/divum/.m2/repository/com/amazonaws/aws-java-sdk-mediaconnect/1.12.651/aws-java-sdk-mediaconnect-1.12.651.jar:/home/divum/.m2/repository/com/amazonaws/aws-java-sdk-kinesisanalyticsv2/1.12.651/aws-java-sdk-kinesisanalyticsv2-1.12.651.jar:/home/divum/.m2/repository/com/amazonaws/aws-java-sdk-comprehendmedical/1.12.651/aws-java-sdk-comprehendmedical-1.12.651.jar:/home/divum/.m2/repository/com/amazonaws/aws-java-sdk-globalaccelerator/1.12.651/aws-java-sdk-globalaccelerator-1.12.651.jar:/home/divum/.m2/repository/com/amazonaws/aws-java-sdk-transfer/1.12.651/aws-java-sdk-transfer-1.12.651.jar:/home/divum/.m2/repository/com/amazonaws/aws-java-sdk-datasync/1.12.651/aws-java-sdk-datasync-1.12.651.jar:/home/divum/.m2/repository/com/amazonaws/aws-java-sdk-robomaker/1.12.651/aws-java-sdk-robomaker-1.12.651.jar:/home/divum/.m2/repository/com/amazonaws/aws-java-sdk-amplify/1.12.651/aws-java-sdk-amplify-1.12.651.jar:/home/divum/.m2/repository/com/amazonaws/aws-java-sdk-quicksight/1.12.651/aws-java-sdk-quicksight-1.12.651.jar:/home/divum/.m2/repository/com/amazonaws/aws-java-sdk-rdsdata/1.12.651/aws-java-sdk-rdsdata-1.12.651.jar:/home/divum/.m2/repository/com/amazonaws/aws-java-sdk-route53resolver/1.12.651/aws-java-sdk-route53resolver-1.12.651.jar:/home/divum/.m2/repository/com/amazonaws/aws-java-sdk-ram/1.12.651/aws-java-sdk-ram-1.12.651.jar:/home/divum/.m2/repository/com/amazonaws/aws-java-sdk-s3control/1.12.651/aws-java-sdk-s3control-1.12.651.jar:/home/divum/.m2/repository/com/amazonaws/aws-java-sdk-pinpointsmsvoice/1.12.651/aws-java-sdk-pinpointsmsvoice-1.12.651.jar:/home/divum/.m2/repository/com/amazonaws/aws-java-sdk-pinpointemail/1.12.651/aws-java-sdk-pinpointemail-1.12.651.jar:/home/divum/.m2/repository/com/amazonaws/aws-java-sdk-chime/1.12.651/aws-java-sdk-chime-1.12.651.jar:/home/divum/.m2/repository/com/amazonaws/aws-java-sdk-signer/1.12.651/aws-java-sdk-signer-1.12.651.jar:/home/divum/.m2/repository/com/amazonaws/aws-java-sdk-dlm/1.12.651/aws-java-sdk-dlm-1.12.651.jar:/home/divum/.m2/repository/com/amazonaws/aws-java-sdk-eks/1.12.651/aws-java-sdk-eks-1.12.651.jar:/home/divum/.m2/repository/com/amazonaws/aws-java-sdk-mediatailor/1.12.651/aws-java-sdk-mediatailor-1.12.651.jar:/home/divum/.m2/repository/com/amazonaws/aws-java-sdk-neptune/1.12.651/aws-java-sdk-neptune-1.12.651.jar:/home/divum/.m2/repository/com/amazonaws/aws-java-sdk-pi/1.12.651/aws-java-sdk-pi-1.12.651.jar:/home/divum/.m2/repository/com/amazonaws/aws-java-sdk-iot1clickprojects/1.12.651/aws-java-sdk-iot1clickprojects-1.12.651.jar:/home/divum/.m2/repository/com/amazonaws/aws-java-sdk-iot1clickdevices/1.12.651/aws-java-sdk-iot1clickdevices-1.12.651.jar:/home/divum/.m2/repository/com/amazonaws/aws-java-sdk-iotanalytics/1.12.651/aws-java-sdk-iotanalytics-1.12.651.jar:/home/divum/.m2/repository/com/amazonaws/aws-java-sdk-acmpca/1.12.651/aws-java-sdk-acmpca-1.12.651.jar:/home/divum/.m2/repository/com/amazonaws/aws-java-sdk-secretsmanager/1.12.651/aws-java-sdk-secretsmanager-1.12.651.jar:/home/divum/.m2/repository/com/amazonaws/aws-java-sdk-fms/1.12.651/aws-java-sdk-fms-1.12.651.jar:/home/divum/.m2/repository/com/amazonaws/aws-java-sdk-connect/1.12.651/aws-java-sdk-connect-1.12.651.jar:/home/divum/.m2/repository/com/amazonaws/aws-java-sdk-transcribe/1.12.651/aws-java-sdk-transcribe-1.12.651.jar:/home/divum/.m2/repository/com/amazonaws/aws-java-sdk-autoscalingplans/1.12.651/aws-java-sdk-autoscalingplans-1.12.651.jar:/home/divum/.m2/repository/com/amazonaws/aws-java-sdk-workmail/1.12.651/aws-java-sdk-workmail-1.12.651.jar:/home/divum/.m2/repository/com/amazonaws/aws-java-sdk-servicediscovery/1.12.651/aws-java-sdk-servicediscovery-1.12.651.jar:/home/divum/.m2/repository/com/amazonaws/aws-java-sdk-cloud9/1.12.651/aws-java-sdk-cloud9-1.12.651.jar:/home/divum/.m2/repository/com/amazonaws/aws-java-sdk-serverlessapplicationrepository/1.12.651/aws-java-sdk-serverlessapplicationrepository-1.12.651.jar:/home/divum/.m2/repository/com/amazonaws/aws-java-sdk-alexaforbusiness/1.12.651/aws-java-sdk-alexaforbusiness-1.12.651.jar:/home/divum/.m2/repository/com/amazonaws/aws-java-sdk-resourcegroups/1.12.651/aws-java-sdk-resourcegroups-1.12.651.jar:/home/divum/.m2/repository/com/amazonaws/aws-java-sdk-comprehend/1.12.651/aws-java-sdk-comprehend-1.12.651.jar:/home/divum/.m2/repository/com/amazonaws/aws-java-sdk-translate/1.12.651/aws-java-sdk-translate-1.12.651.jar:/home/divum/.m2/repository/com/amazonaws/aws-java-sdk-sagemaker/1.12.651/aws-java-sdk-sagemaker-1.12.651.jar:/home/divum/.m2/repository/com/amazonaws/aws-java-sdk-iotjobsdataplane/1.12.651/aws-java-sdk-iotjobsdataplane-1.12.651.jar:/home/divum/.m2/repository/com/amazonaws/aws-java-sdk-sagemakerruntime/1.12.651/aws-java-sdk-sagemakerruntime-1.12.651.jar:/home/divum/.m2/repository/com/amazonaws/aws-java-sdk-kinesisvideo/1.12.651/aws-java-sdk-kinesisvideo-1.12.651.jar:/home/divum/.m2/repository/com/amazonaws/aws-java-sdk-appsync/1.12.651/aws-java-sdk-appsync-1.12.651.jar:/home/divum/.m2/repository/com/amazonaws/aws-java-sdk-guardduty/1.12.651/aws-java-sdk-guardduty-1.12.651.jar:/home/divum/.m2/repository/com/amazonaws/aws-java-sdk-mq/1.12.651/aws-java-sdk-mq-1.12.651.jar:/home/divum/.m2/repository/com/amazonaws/aws-java-sdk-mediaconvert/1.12.651/aws-java-sdk-mediaconvert-1.12.651.jar:/home/divum/.m2/repository/com/amazonaws/aws-java-sdk-mediastore/1.12.651/aws-java-sdk-mediastore-1.12.651.jar:/home/divum/.m2/repository/com/amazonaws/aws-java-sdk-mediastoredata/1.12.651/aws-java-sdk-mediastoredata-1.12.651.jar:/home/divum/.m2/repository/com/amazonaws/aws-java-sdk-medialive/1.12.651/aws-java-sdk-medialive-1.12.651.jar:/home/divum/.m2/repository/com/amazonaws/aws-java-sdk-mediapackage/1.12.651/aws-java-sdk-mediapackage-1.12.651.jar:/home/divum/.m2/repository/com/amazonaws/aws-java-sdk-costexplorer/1.12.651/aws-java-sdk-costexplorer-1.12.651.jar:/home/divum/.m2/repository/com/amazonaws/aws-java-sdk-pricing/1.12.651/aws-java-sdk-pricing-1.12.651.jar:/home/divum/.m2/repository/com/amazonaws/aws-java-sdk-mobile/1.12.651/aws-java-sdk-mobile-1.12.651.jar:/home/divum/.m2/repository/com/amazonaws/aws-java-sdk-cloudhsmv2/1.12.651/aws-java-sdk-cloudhsmv2-1.12.651.jar:/home/divum/.m2/repository/com/amazonaws/aws-java-sdk-glue/1.12.651/aws-java-sdk-glue-1.12.651.jar:/home/divum/.m2/repository/com/amazonaws/aws-java-sdk-migrationhub/1.12.651/aws-java-sdk-migrationhub-1.12.651.jar:/home/divum/.m2/repository/com/amazonaws/aws-java-sdk-dax/1.12.651/aws-java-sdk-dax-1.12.651.jar:/home/divum/.m2/repository/com/amazonaws/aws-java-sdk-greengrass/1.12.651/aws-java-sdk-greengrass-1.12.651.jar:/home/divum/.m2/repository/com/amazonaws/aws-java-sdk-athena/1.12.651/aws-java-sdk-athena-1.12.651.jar:/home/divum/.m2/repository/com/amazonaws/aws-java-sdk-marketplaceentitlement/1.12.651/aws-java-sdk-marketplaceentitlement-1.12.651.jar:/home/divum/.m2/repository/com/amazonaws/aws-java-sdk-codestar/1.12.651/aws-java-sdk-codestar-1.12.651.jar:/home/divum/.m2/repository/com/amazonaws/aws-java-sdk-lexmodelbuilding/1.12.651/aws-java-sdk-lexmodelbuilding-1.12.651.jar:/home/divum/.m2/repository/com/amazonaws/aws-java-sdk-resourcegroupstaggingapi/1.12.651/aws-java-sdk-resourcegroupstaggingapi-1.12.651.jar:/home/divum/.m2/repository/com/amazonaws/aws-java-sdk-pinpoint/1.12.651/aws-java-sdk-pinpoint-1.12.651.jar:/home/divum/.m2/repository/com/amazonaws/aws-java-sdk-xray/1.12.651/aws-java-sdk-xray-1.12.651.jar:/home/divum/.m2/repository/com/amazonaws/aws-java-sdk-opsworkscm/1.12.651/aws-java-sdk-opsworkscm-1.12.651.jar:/home/divum/.m2/repository/com/amazonaws/aws-java-sdk-support/1.12.651/aws-java-sdk-support-1.12.651.jar:/home/divum/.m2/repository/com/amazonaws/aws-java-sdk-simpledb/1.12.651/aws-java-sdk-simpledb-1.12.651.jar:/home/divum/.m2/repository/com/amazonaws/aws-java-sdk-servicecatalog/1.12.651/aws-java-sdk-servicecatalog-1.12.651.jar:/home/divum/.m2/repository/com/amazonaws/aws-java-sdk-servermigration/1.12.651/aws-java-sdk-servermigration-1.12.651.jar:/home/divum/.m2/repository/com/amazonaws/aws-java-sdk-simpleworkflow/1.12.651/aws-java-sdk-simpleworkflow-1.12.651.jar:/home/divum/.m2/repository/com/amazonaws/aws-java-sdk-storagegateway/1.12.651/aws-java-sdk-storagegateway-1.12.651.jar:/home/divum/.m2/repository/com/amazonaws/aws-java-sdk-route53/1.12.651/aws-java-sdk-route53-1.12.651.jar:/home/divum/.m2/repository/com/amazonaws/aws-java-sdk-s3/1.12.651/aws-java-sdk-s3-1.12.651.jar:/home/divum/.m2/repository/com/amazonaws/aws-java-sdk-importexport/1.12.651/aws-java-sdk-importexport-1.12.651.jar:/home/divum/.m2/repository/com/amazonaws/aws-java-sdk-sts/1.12.651/aws-java-sdk-sts-1.12.651.jar:/home/divum/.m2/repository/com/amazonaws/aws-java-sdk-sqs/1.12.651/aws-java-sdk-sqs-1.12.651.jar:/home/divum/.m2/repository/com/amazonaws/aws-java-sdk-rds/1.12.651/aws-java-sdk-rds-1.12.651.jar:/home/divum/.m2/repository/com/amazonaws/aws-java-sdk-redshift/1.12.651/aws-java-sdk-redshift-1.12.651.jar:/home/divum/.m2/repository/com/amazonaws/aws-java-sdk-elasticbeanstalk/1.12.651/aws-java-sdk-elasticbeanstalk-1.12.651.jar:/home/divum/.m2/repository/com/amazonaws/aws-java-sdk-glacier/1.12.651/aws-java-sdk-glacier-1.12.651.jar:/home/divum/.m2/repository/com/amazonaws/aws-java-sdk-iam/1.12.651/aws-java-sdk-iam-1.12.651.jar:/home/divum/.m2/repository/com/amazonaws/aws-java-sdk-datapipeline/1.12.651/aws-java-sdk-datapipeline-1.12.651.jar:/home/divum/.m2/repository/com/amazonaws/aws-java-sdk-elasticloadbalancing/1.12.651/aws-java-sdk-elasticloadbalancing-1.12.651.jar:/home/divum/.m2/repository/com/amazonaws/aws-java-sdk-elasticloadbalancingv2/1.12.651/aws-java-sdk-elasticloadbalancingv2-1.12.651.jar:/home/divum/.m2/repository/com/amazonaws/aws-java-sdk-emr/1.12.651/aws-java-sdk-emr-1.12.651.jar:/home/divum/.m2/repository/com/amazonaws/aws-java-sdk-elasticache/1.12.651/aws-java-sdk-elasticache-1.12.651.jar:/home/divum/.m2/repository/com/amazonaws/aws-java-sdk-elastictranscoder/1.12.651/aws-java-sdk-elastictranscoder-1.12.651.jar:/home/divum/.m2/repository/com/amazonaws/aws-java-sdk-ec2/1.12.651/aws-java-sdk-ec2-1.12.651.jar:/home/divum/.m2/repository/com/amazonaws/aws-java-sdk-dynamodb/1.12.651/aws-java-sdk-dynamodb-1.12.651.jar:/home/divum/.m2/repository/com/amazonaws/aws-java-sdk-sns/1.12.651/aws-java-sdk-sns-1.12.651.jar:/home/divum/.m2/repository/com/amazonaws/aws-java-sdk-budgets/1.12.651/aws-java-sdk-budgets-1.12.651.jar:/home/divum/.m2/repository/com/amazonaws/aws-java-sdk-cloudtrail/1.12.651/aws-java-sdk-cloudtrail-1.12.651.jar:/home/divum/.m2/repository/com/amazonaws/aws-java-sdk-cloudwatch/1.12.651/aws-java-sdk-cloudwatch-1.12.651.jar:/home/divum/.m2/repository/com/amazonaws/aws-java-sdk-logs/1.12.651/aws-java-sdk-logs-1.12.651.jar:/home/divum/.m2/repository/com/amazonaws/aws-java-sdk-events/1.12.651/aws-java-sdk-events-1.12.651.jar:/home/divum/.m2/repository/com/amazonaws/aws-java-sdk-cognitoidentity/1.12.651/aws-java-sdk-cognitoidentity-1.12.651.jar:/home/divum/.m2/repository/com/amazonaws/aws-java-sdk-cognitosync/1.12.651/aws-java-sdk-cognitosync-1.12.651.jar:/home/divum/.m2/repository/com/amazonaws/aws-java-sdk-directconnect/1.12.651/aws-java-sdk-directconnect-1.12.651.jar:/home/divum/.m2/repository/com/amazonaws/aws-java-sdk-cloudformation/1.12.651/aws-java-sdk-cloudformation-1.12.651.jar:/home/divum/.m2/repository/com/amazonaws/aws-java-sdk-cloudfront/1.12.651/aws-java-sdk-cloudfront-1.12.651.jar:/home/divum/.m2/repository/com/amazonaws/aws-java-sdk-clouddirectory/1.12.651/aws-java-sdk-clouddirectory-1.12.651.jar:/home/divum/.m2/repository/com/amazonaws/aws-java-sdk-kinesis/1.12.651/aws-java-sdk-kinesis-1.12.651.jar:/home/divum/.m2/repository/com/amazonaws/aws-java-sdk-opsworks/1.12.651/aws-java-sdk-opsworks-1.12.651.jar:/home/divum/.m2/repository/com/amazonaws/aws-java-sdk-ses/1.12.651/aws-java-sdk-ses-1.12.651.jar:/home/divum/.m2/repository/com/amazonaws/aws-java-sdk-autoscaling/1.12.651/aws-java-sdk-autoscaling-1.12.651.jar:/home/divum/.m2/repository/com/amazonaws/aws-java-sdk-cloudsearch/1.12.651/aws-java-sdk-cloudsearch-1.12.651.jar:/home/divum/.m2/repository/com/amazonaws/aws-java-sdk-cloudwatchmetrics/1.12.651/aws-java-sdk-cloudwatchmetrics-1.12.651.jar:/home/divum/.m2/repository/com/amazonaws/aws-java-sdk-codedeploy/1.12.651/aws-java-sdk-codedeploy-1.12.651.jar:/home/divum/.m2/repository/com/amazonaws/aws-java-sdk-codepipeline/1.12.651/aws-java-sdk-codepipeline-1.12.651.jar:/home/divum/.m2/repository/com/amazonaws/aws-java-sdk-kms/1.12.651/aws-java-sdk-kms-1.12.651.jar:/home/divum/.m2/repository/com/amazonaws/aws-java-sdk-config/1.12.651/aws-java-sdk-config-1.12.651.jar:/home/divum/.m2/repository/com/amazonaws/aws-java-sdk-lambda/1.12.651/aws-java-sdk-lambda-1.12.651.jar:/home/divum/.m2/repository/com/amazonaws/aws-java-sdk-ecs/1.12.651/aws-java-sdk-ecs-1.12.651.jar:/home/divum/.m2/repository/com/amazonaws/aws-java-sdk-ecr/1.12.651/aws-java-sdk-ecr-1.12.651.jar:/home/divum/.m2/repository/com/amazonaws/aws-java-sdk-cloudhsm/1.12.651/aws-java-sdk-cloudhsm-1.12.651.jar:/home/divum/.m2/repository/com/amazonaws/aws-java-sdk-ssm/1.12.651/aws-java-sdk-ssm-1.12.651.jar:/home/divum/.m2/repository/com/amazonaws/aws-java-sdk-workspaces/1.12.651/aws-java-sdk-workspaces-1.12.651.jar:/home/divum/.m2/repository/com/amazonaws/aws-java-sdk-machinelearning/1.12.651/aws-java-sdk-machinelearning-1.12.651.jar:/home/divum/.m2/repository/com/amazonaws/aws-java-sdk-directory/1.12.651/aws-java-sdk-directory-1.12.651.jar:/home/divum/.m2/repository/com/amazonaws/aws-java-sdk-efs/1.12.651/aws-java-sdk-efs-1.12.651.jar:/home/divum/.m2/repository/com/amazonaws/aws-java-sdk-codecommit/1.12.651/aws-java-sdk-codecommit-1.12.651.jar:/home/divum/.m2/repository/com/amazonaws/aws-java-sdk-devicefarm/1.12.651/aws-java-sdk-devicefarm-1.12.651.jar:/home/divum/.m2/repository/com/amazonaws/aws-java-sdk-elasticsearch/1.12.651/aws-java-sdk-elasticsearch-1.12.651.jar:/home/divum/.m2/repository/com/amazonaws/aws-java-sdk-waf/1.12.651/aws-java-sdk-waf-1.12.651.jar:/home/divum/.m2/repository/com/amazonaws/aws-java-sdk-marketplacecommerceanalytics/1.12.651/aws-java-sdk-marketplacecommerceanalytics-1.12.651.jar:/home/divum/.m2/repository/com/amazonaws/aws-java-sdk-inspector/1.12.651/aws-java-sdk-inspector-1.12.651.jar:/home/divum/.m2/repository/com/amazonaws/aws-java-sdk-iot/1.12.651/aws-java-sdk-iot-1.12.651.jar:/home/divum/.m2/repository/com/amazonaws/aws-java-sdk-api-gateway/1.12.651/aws-java-sdk-api-gateway-1.12.651.jar:/home/divum/.m2/repository/com/amazonaws/aws-java-sdk-acm/1.12.651/aws-java-sdk-acm-1.12.651.jar:/home/divum/.m2/repository/com/amazonaws/aws-java-sdk-gamelift/1.12.651/aws-java-sdk-gamelift-1.12.651.jar:/home/divum/.m2/repository/com/amazonaws/aws-java-sdk-dms/1.12.651/aws-java-sdk-dms-1.12.651.jar:/home/divum/.m2/repository/com/amazonaws/aws-java-sdk-marketplacemeteringservice/1.12.651/aws-java-sdk-marketplacemeteringservice-1.12.651.jar:/home/divum/.m2/repository/com/amazonaws/aws-java-sdk-cognitoidp/1.12.651/aws-java-sdk-cognitoidp-1.12.651.jar:/home/divum/.m2/repository/com/amazonaws/aws-java-sdk-discovery/1.12.651/aws-java-sdk-discovery-1.12.651.jar:/home/divum/.m2/repository/com/amazonaws/aws-java-sdk-applicationautoscaling/1.12.651/aws-java-sdk-applicationautoscaling-1.12.651.jar:/home/divum/.m2/repository/com/amazonaws/aws-java-sdk-snowball/1.12.651/aws-java-sdk-snowball-1.12.651.jar:/home/divum/.m2/repository/com/amazonaws/aws-java-sdk-rekognition/1.12.651/aws-java-sdk-rekognition-1.12.651.jar:/home/divum/.m2/repository/com/amazonaws/aws-java-sdk-polly/1.12.651/aws-java-sdk-polly-1.12.651.jar:/home/divum/.m2/repository/com/amazonaws/aws-java-sdk-lightsail/1.12.651/aws-java-sdk-lightsail-1.12.651.jar:/home/divum/.m2/repository/com/amazonaws/aws-java-sdk-stepfunctions/1.12.651/aws-java-sdk-stepfunctions-1.12.651.jar:/home/divum/.m2/repository/com/amazonaws/aws-java-sdk-health/1.12.651/aws-java-sdk-health-1.12.651.jar:/home/divum/.m2/repository/com/amazonaws/aws-java-sdk-costandusagereport/1.12.651/aws-java-sdk-costandusagereport-1.12.651.jar:/home/divum/.m2/repository/com/amazonaws/aws-java-sdk-codebuild/1.12.651/aws-java-sdk-codebuild-1.12.651.jar:/home/divum/.m2/repository/com/amazonaws/aws-java-sdk-appstream/1.12.651/aws-java-sdk-appstream-1.12.651.jar:/home/divum/.m2/repository/com/amazonaws/aws-java-sdk-shield/1.12.651/aws-java-sdk-shield-1.12.651.jar:/home/divum/.m2/repository/com/amazonaws/aws-java-sdk-batch/1.12.651/aws-java-sdk-batch-1.12.651.jar:/home/divum/.m2/repository/com/amazonaws/aws-java-sdk-lex/1.12.651/aws-java-sdk-lex-1.12.651.jar:/home/divum/.m2/repository/com/amazonaws/aws-java-sdk-mechanicalturkrequester/1.12.651/aws-java-sdk-mechanicalturkrequester-1.12.651.jar:/home/divum/.m2/repository/com/amazonaws/aws-java-sdk-organizations/1.12.651/aws-java-sdk-organizations-1.12.651.jar:/home/divum/.m2/repository/com/amazonaws/aws-java-sdk-workdocs/1.12.651/aws-java-sdk-workdocs-1.12.651.jar:/home/divum/.m2/repository/com/amazonaws/aws-java-sdk-core/1.12.651/aws-java-sdk-core-1.12.651.jar:/home/divum/.m2/repository/com/fasterxml/jackson/dataformat/jackson-dataformat-cbor/2.15.3/jackson-dataformat-cbor-2.15.3.jar:/home/divum/.m2/repository/joda-time/joda-time/2.8.1/joda-time-2.8.1.jar:/home/divum/.m2/repository/com/amazonaws/aws-java-sdk-models/1.12.651/aws-java-sdk-models-1.12.651.jar:/home/divum/.m2/repository/com/amazonaws/aws-java-sdk-swf-libraries/1.11.22/aws-java-sdk-swf-libraries-1.11.22.jar:/home/divum/.m2/repository/javax/xml/bind/jaxb-api/2.3.1/jaxb-api-2.3.1.jar:/home/divum/.m2/repository/javax/activation/javax.activation-api/1.2.0/javax.activation-api-1.2.0.jar:/home/divum/.m2/repository/org/springframework/boot/spring-boot-starter-actuator/3.2.2/spring-boot-starter-actuator-3.2.2.jar:/home/divum/.m2/repository/org/springframework/boot/spring-boot-actuator-autoconfigure/3.2.2/spring-boot-actuator-autoconfigure-3.2.2.jar:/home/divum/.m2/repository/org/springframework/boot/spring-boot-actuator/3.2.2/spring-boot-actuator-3.2.2.jar:/home/divum/.m2/repository/io/micrometer/micrometer-jakarta9/1.12.2/micrometer-jakarta9-1.12.2.jar:/home/divum/.m2/repository/io/micrometer/micrometer-core/1.12.2/micrometer-core-1.12.2.jar:/home/divum/.m2/repository/org/hdrhistogram/HdrHistogram/2.1.12/HdrHistogram-2.1.12.jar:/home/divum/.m2/repository/org/latencyutils/LatencyUtils/2.0.3/LatencyUtils-2.0.3.jar:"/>
    <property name="java.vm.vendor" value="Private Build"/>
    <property name="sun.arch.data.model" value="64"/>
    <property name="java.vendor.url" value="Unknown"/>
    <property name="user.timezone" value="Asia/Kolkata"/>
    <property name="os.name" value="Linux"/>
    <property name="java.vm.specification.version" value="17"/>
    <property name="sun.java.launcher" value="SUN_STANDARD"/>
    <property name="user.country" value="IN"/>
    <property name="sun.boot.library.path" value="/usr/lib/jvm/java-17-openjdk-amd64/lib"/>
    <property name="sun.java.command" value="/home/divum/Documents/Meeting-Room-Booking/backend/target/surefire/surefirebooter-20240327101005031_3.jar /home/divum/Documents/Meeting-Room-Booking/backend/target/surefire 2024-03-27T10-10-04_941-jvmRun1 surefire-20240327101005031_1tmp surefire_0-20240327101005031_2tmp"/>
    <property name="jdk.debug" value="release"/>
    <property name="surefire.test.class.path" value="/home/divum/Documents/Meeting-Room-Booking/backend/target/test-classes:/home/divum/Documents/Meeting-Room-Booking/backend/target/classes:/home/divum/.m2/repository/org/apache/poi/poi/5.2.4/poi-5.2.4.jar:/home/divum/.m2/repository/commons-codec/commons-codec/1.16.0/commons-codec-1.16.0.jar:/home/divum/.m2/repository/org/apache/commons/commons-collections4/4.4/commons-collections4-4.4.jar:/home/divum/.m2/repository/org/apache/commons/commons-math3/3.6.1/commons-math3-3.6.1.jar:/home/divum/.m2/repository/commons-io/commons-io/2.13.0/commons-io-2.13.0.jar:/home/divum/.m2/repository/com/zaxxer/SparseBitSet/1.3/SparseBitSet-1.3.jar:/home/divum/.m2/repository/org/apache/logging/log4j/log4j-api/2.21.1/log4j-api-2.21.1.jar:/home/divum/.m2/repository/org/apache/poi/poi-ooxml/5.2.4/poi-ooxml-5.2.4.jar:/home/divum/.m2/repository/org/apache/poi/poi-ooxml-lite/5.2.4/poi-ooxml-lite-5.2.4.jar:/home/divum/.m2/repository/org/apache/xmlbeans/xmlbeans/5.1.1/xmlbeans-5.1.1.jar:/home/divum/.m2/repository/org/apache/commons/commons-compress/1.24.0/commons-compress-1.24.0.jar:/home/divum/.m2/repository/com/github/virtuald/curvesapi/1.08/curvesapi-1.08.jar:/home/divum/.m2/repository/org/springframework/spring-context/6.1.3/spring-context-6.1.3.jar:/home/divum/.m2/repository/org/springframework/spring-aop/6.1.3/spring-aop-6.1.3.jar:/home/divum/.m2/repository/org/springframework/spring-beans/6.1.3/spring-beans-6.1.3.jar:/home/divum/.m2/repository/org/springframework/spring-core/6.1.3/spring-core-6.1.3.jar:/home/divum/.m2/repository/org/springframework/spring-jcl/6.1.3/spring-jcl-6.1.3.jar:/home/divum/.m2/repository/org/springframework/spring-expression/6.1.3/spring-expression-6.1.3.jar:/home/divum/.m2/repository/io/micrometer/micrometer-observation/1.12.2/micrometer-observation-1.12.2.jar:/home/divum/.m2/repository/io/micrometer/micrometer-commons/1.12.2/micrometer-commons-1.12.2.jar:/home/divum/.m2/repository/com/google/api-client/google-api-client/1.31.5/google-api-client-1.31.5.jar:/home/divum/.m2/repository/com/google/oauth-client/google-oauth-client/1.31.5/google-oauth-client-1.31.5.jar:/home/divum/.m2/repository/com/google/http-client/google-http-client-gson/1.39.2/google-http-client-gson-1.39.2.jar:/home/divum/.m2/repository/com/google/code/gson/gson/2.10.1/gson-2.10.1.jar:/home/divum/.m2/repository/com/google/guava/guava/30.1.1-android/guava-30.1.1-android.jar:/home/divum/.m2/repository/com/google/guava/failureaccess/1.0.1/failureaccess-1.0.1.jar:/home/divum/.m2/repository/com/google/guava/listenablefuture/9999.0-empty-to-avoid-conflict-with-guava/listenablefuture-9999.0-empty-to-avoid-conflict-with-guava.jar:/home/divum/.m2/repository/com/google/code/findbugs/jsr305/3.0.2/jsr305-3.0.2.jar:/home/divum/.m2/repository/org/checkerframework/checker-compat-qual/2.5.5/checker-compat-qual-2.5.5.jar:/home/divum/.m2/repository/com/google/errorprone/error_prone_annotations/2.5.1/error_prone_annotations-2.5.1.jar:/home/divum/.m2/repository/com/google/j2objc/j2objc-annotations/1.3/j2objc-annotations-1.3.jar:/home/divum/.m2/repository/com/google/http-client/google-http-client-apache-v2/1.39.2/google-http-client-apache-v2-1.39.2.jar:/home/divum/.m2/repository/org/apache/httpcomponents/httpcore/4.4.16/httpcore-4.4.16.jar:/home/divum/.m2/repository/org/apache/httpcomponents/httpclient/4.5.13/httpclient-4.5.13.jar:/home/divum/.m2/repository/commons-logging/commons-logging/1.2/commons-logging-1.2.jar:/home/divum/.m2/repository/com/google/http-client/google-http-client/1.39.2/google-http-client-1.39.2.jar:/home/divum/.m2/repository/io/opencensus/opencensus-api/0.28.0/opencensus-api-0.28.0.jar:/home/divum/.m2/repository/io/opencensus/opencensus-contrib-http-util/0.28.0/opencensus-contrib-http-util-0.28.0.jar:/home/divum/.m2/repository/com/google/apis/google-api-services-calendar/v3-rev224-1.22.0/google-api-services-calendar-v3-rev224-1.22.0.jar:/home/divum/.m2/repository/org/springframework/boot/spring-boot-starter-test/3.2.2/spring-boot-starter-test-3.2.2.jar:/home/divum/.m2/repository/org/springframework/boot/spring-boot-starter/3.2.2/spring-boot-starter-3.2.2.jar:/home/divum/.m2/repository/org/springframework/boot/spring-boot/3.2.2/spring-boot-3.2.2.jar:/home/divum/.m2/repository/org/springframework/boot/spring-boot-autoconfigure/3.2.2/spring-boot-autoconfigure-3.2.2.jar:/home/divum/.m2/repository/org/springframework/boot/spring-boot-starter-logging/3.2.2/spring-boot-starter-logging-3.2.2.jar:/home/divum/.m2/repository/ch/qos/logback/logback-classic/1.4.14/logback-classic-1.4.14.jar:/home/divum/.m2/repository/ch/qos/logback/logback-core/1.4.14/logback-core-1.4.14.jar:/home/divum/.m2/repository/org/apache/logging/log4j/log4j-to-slf4j/2.21.1/log4j-to-slf4j-2.21.1.jar:/home/divum/.m2/repository/org/slf4j/jul-to-slf4j/2.0.11/jul-to-slf4j-2.0.11.jar:/home/divum/.m2/repository/jakarta/annotation/jakarta.annotation-api/2.1.1/jakarta.annotation-api-2.1.1.jar:/home/divum/.m2/repository/org/yaml/snakeyaml/2.2/snakeyaml-2.2.jar:/home/divum/.m2/repository/org/springframework/boot/spring-boot-test/3.2.2/spring-boot-test-3.2.2.jar:/home/divum/.m2/repository/org/springframework/boot/spring-boot-test-autoconfigure/3.2.2/spring-boot-test-autoconfigure-3.2.2.jar:/home/divum/.m2/repository/com/jayway/jsonpath/json-path/2.8.0/json-path-2.8.0.jar:/home/divum/.m2/repository/jakarta/xml/bind/jakarta.xml.bind-api/4.0.1/jakarta.xml.bind-api-4.0.1.jar:/home/divum/.m2/repository/jakarta/activation/jakarta.activation-api/2.1.2/jakarta.activation-api-2.1.2.jar:/home/divum/.m2/repository/org/assertj/assertj-core/3.24.2/assertj-core-3.24.2.jar:/home/divum/.m2/repository/net/bytebuddy/byte-buddy/1.14.11/byte-buddy-1.14.11.jar:/home/divum/.m2/repository/org/awaitility/awaitility/4.2.0/awaitility-4.2.0.jar:/home/divum/.m2/repository/org/hamcrest/hamcrest/2.2/hamcrest-2.2.jar:/home/divum/.m2/repository/org/junit/jupiter/junit-jupiter/5.10.1/junit-jupiter-5.10.1.jar:/home/divum/.m2/repository/org/junit/jupiter/junit-jupiter-api/5.10.1/junit-jupiter-api-5.10.1.jar:/home/divum/.m2/repository/org/opentest4j/opentest4j/1.3.0/opentest4j-1.3.0.jar:/home/divum/.m2/repository/org/junit/platform/junit-platform-commons/1.10.1/junit-platform-commons-1.10.1.jar:/home/divum/.m2/repository/org/apiguardian/apiguardian-api/1.1.2/apiguardian-api-1.1.2.jar:/home/divum/.m2/repository/org/junit/jupiter/junit-jupiter-params/5.10.1/junit-jupiter-params-5.10.1.jar:/home/divum/.m2/repository/org/junit/jupiter/junit-jupiter-engine/5.10.1/junit-jupiter-engine-5.10.1.jar:/home/divum/.m2/repository/org/junit/platform/junit-platform-engine/1.10.1/junit-platform-engine-1.10.1.jar:/home/divum/.m2/repository/org/mockito/mockito-core/5.7.0/mockito-core-5.7.0.jar:/home/divum/.m2/repository/net/bytebuddy/byte-buddy-agent/1.14.11/byte-buddy-agent-1.14.11.jar:/home/divum/.m2/repository/org/objenesis/objenesis/3.3/objenesis-3.3.jar:/home/divum/.m2/repository/org/mockito/mockito-junit-jupiter/5.7.0/mockito-junit-jupiter-5.7.0.jar:/home/divum/.m2/repository/org/skyscreamer/jsonassert/1.5.1/jsonassert-1.5.1.jar:/home/divum/.m2/repository/com/vaadin/external/google/android-json/0.0.20131108.vaadin1/android-json-0.0.20131108.vaadin1.jar:/home/divum/.m2/repository/org/springframework/spring-test/6.1.3/spring-test-6.1.3.jar:/home/divum/.m2/repository/org/xmlunit/xmlunit-core/2.9.1/xmlunit-core-2.9.1.jar:/home/divum/.m2/repository/org/springframework/boot/spring-boot-starter-cache/3.1.5/spring-boot-starter-cache-3.1.5.jar:/home/divum/.m2/repository/org/springframework/spring-context-support/6.1.3/spring-context-support-6.1.3.jar:/home/divum/.m2/repository/org/springframework/boot/spring-boot-starter-data-redis/3.1.5/spring-boot-starter-data-redis-3.1.5.jar:/home/divum/.m2/repository/org/springframework/data/spring-data-redis/3.2.2/spring-data-redis-3.2.2.jar:/home/divum/.m2/repository/org/springframework/data/spring-data-keyvalue/3.2.2/spring-data-keyvalue-3.2.2.jar:/home/divum/.m2/repository/org/springframework/spring-tx/6.1.3/spring-tx-6.1.3.jar:/home/divum/.m2/repository/org/springframework/spring-oxm/6.1.3/spring-oxm-6.1.3.jar:/home/divum/.m2/repository/io/lettuce/lettuce-core/6.3.1.RELEASE/lettuce-core-6.3.1.RELEASE.jar:/home/divum/.m2/repository/io/netty/netty-common/4.1.105.Final/netty-common-4.1.105.Final.jar:/home/divum/.m2/repository/io/projectreactor/reactor-core/3.6.2/reactor-core-3.6.2.jar:/home/divum/.m2/repository/org/reactivestreams/reactive-streams/1.0.4/reactive-streams-1.0.4.jar:/home/divum/.m2/repository/net/minidev/json-smart/2.5.0/json-smart-2.5.0.jar:/home/divum/.m2/repository/net/minidev/accessors-smart/2.5.0/accessors-smart-2.5.0.jar:/home/divum/.m2/repository/org/ow2/asm/asm/9.3/asm-9.3.jar:/home/divum/.m2/repository/com/google/apis/google-api-services-sheets/v4-rev581-1.25.0/google-api-services-sheets-v4-rev581-1.25.0.jar:/home/divum/.m2/repository/com/google/oauth-client/google-oauth-client-jetty/1.31.2/google-oauth-client-jetty-1.31.2.jar:/home/divum/.m2/repository/com/google/oauth-client/google-oauth-client-java6/1.31.2/google-oauth-client-java6-1.31.2.jar:/home/divum/.m2/repository/org/springframework/boot/spring-boot-starter-data-jpa/3.2.2/spring-boot-starter-data-jpa-3.2.2.jar:/home/divum/.m2/repository/org/springframework/boot/spring-boot-starter-aop/3.2.2/spring-boot-starter-aop-3.2.2.jar:/home/divum/.m2/repository/org/aspectj/aspectjweaver/1.9.21/aspectjweaver-1.9.21.jar:/home/divum/.m2/repository/org/springframework/boot/spring-boot-starter-jdbc/3.2.2/spring-boot-starter-jdbc-3.2.2.jar:/home/divum/.m2/repository/com/zaxxer/HikariCP/5.0.1/HikariCP-5.0.1.jar:/home/divum/.m2/repository/org/springframework/spring-jdbc/6.1.3/spring-jdbc-6.1.3.jar:/home/divum/.m2/repository/org/hibernate/orm/hibernate-core/6.4.1.Final/hibernate-core-6.4.1.Final.jar:/home/divum/.m2/repository/jakarta/persistence/jakarta.persistence-api/3.1.0/jakarta.persistence-api-3.1.0.jar:/home/divum/.m2/repository/jakarta/transaction/jakarta.transaction-api/2.0.1/jakarta.transaction-api-2.0.1.jar:/home/divum/.m2/repository/org/jboss/logging/jboss-logging/3.5.3.Final/jboss-logging-3.5.3.Final.jar:/home/divum/.m2/repository/org/hibernate/common/hibernate-commons-annotations/6.0.6.Final/hibernate-commons-annotations-6.0.6.Final.jar:/home/divum/.m2/repository/io/smallrye/jandex/3.1.2/jandex-3.1.2.jar:/home/divum/.m2/repository/com/fasterxml/classmate/1.6.0/classmate-1.6.0.jar:/home/divum/.m2/repository/org/glassfish/jaxb/jaxb-runtime/4.0.4/jaxb-runtime-4.0.4.jar:/home/divum/.m2/repository/org/glassfish/jaxb/jaxb-core/4.0.4/jaxb-core-4.0.4.jar:/home/divum/.m2/repository/org/glassfish/jaxb/txw2/4.0.4/txw2-4.0.4.jar:/home/divum/.m2/repository/com/sun/istack/istack-commons-runtime/4.1.2/istack-commons-runtime-4.1.2.jar:/home/divum/.m2/repository/jakarta/inject/jakarta.inject-api/2.0.1/jakarta.inject-api-2.0.1.jar:/home/divum/.m2/repository/org/antlr/antlr4-runtime/4.13.0/antlr4-runtime-4.13.0.jar:/home/divum/.m2/repository/org/springframework/data/spring-data-jpa/3.2.2/spring-data-jpa-3.2.2.jar:/home/divum/.m2/repository/org/springframework/data/spring-data-commons/3.2.2/spring-data-commons-3.2.2.jar:/home/divum/.m2/repository/org/springframework/spring-orm/6.1.3/spring-orm-6.1.3.jar:/home/divum/.m2/repository/org/springframework/spring-aspects/6.1.3/spring-aspects-6.1.3.jar:/home/divum/.m2/repository/org/springframework/boot/spring-boot-starter-mail/3.2.2/spring-boot-starter-mail-3.2.2.jar:/home/divum/.m2/repository/org/eclipse/angus/jakarta.mail/2.0.2/jakarta.mail-2.0.2.jar:/home/divum/.m2/repository/org/eclipse/angus/angus-activation/2.0.1/angus-activation-2.0.1.jar:/home/divum/.m2/repository/org/springframework/boot/spring-boot-starter-web/3.2.1/spring-boot-starter-web-3.2.1.jar:/home/divum/.m2/repository/org/springframework/boot/spring-boot-starter-json/3.2.2/spring-boot-starter-json-3.2.2.jar:/home/divum/.m2/repository/com/fasterxml/jackson/datatype/jackson-datatype-jdk8/2.15.3/jackson-datatype-jdk8-2.15.3.jar:/home/divum/.m2/repository/com/fasterxml/jackson/datatype/jackson-datatype-jsr310/2.15.3/jackson-datatype-jsr310-2.15.3.jar:/home/divum/.m2/repository/com/fasterxml/jackson/module/jackson-module-parameter-names/2.15.3/jackson-module-parameter-names-2.15.3.jar:/home/divum/.m2/repository/org/springframework/boot/spring-boot-starter-tomcat/3.2.2/spring-boot-starter-tomcat-3.2.2.jar:/home/divum/.m2/repository/org/apache/tomcat/embed/tomcat-embed-core/10.1.18/tomcat-embed-core-10.1.18.jar:/home/divum/.m2/repository/org/apache/tomcat/embed/tomcat-embed-websocket/10.1.18/tomcat-embed-websocket-10.1.18.jar:/home/divum/.m2/repository/org/springframework/spring-web/6.1.3/spring-web-6.1.3.jar:/home/divum/.m2/repository/org/springframework/spring-webmvc/6.1.3/spring-webmvc-6.1.3.jar:/home/divum/.m2/repository/org/postgresql/postgresql/42.6.0/postgresql-42.6.0.jar:/home/divum/.m2/repository/org/checkerframework/checker-qual/3.31.0/checker-qual-3.31.0.jar:/home/divum/.m2/repository/org/projectlombok/lombok/1.18.30/lombok-1.18.30.jar:/home/divum/.m2/repository/org/springframework/boot/spring-boot-starter-security/3.2.2/spring-boot-starter-security-3.2.2.jar:/home/divum/.m2/repository/org/springframework/security/spring-security-config/6.2.1/spring-security-config-6.2.1.jar:/home/divum/.m2/repository/org/springframework/security/spring-security-core/6.2.1/spring-security-core-6.2.1.jar:/home/divum/.m2/repository/org/springframework/security/spring-security-crypto/6.2.1/spring-security-crypto-6.2.1.jar:/home/divum/.m2/repository/org/springframework/security/spring-security-web/6.2.1/spring-security-web-6.2.1.jar:/home/divum/.m2/repository/com/fasterxml/jackson/core/jackson-databind/2.15.3/jackson-databind-2.15.3.jar:/home/divum/.m2/repository/com/fasterxml/jackson/core/jackson-annotations/2.15.3/jackson-annotations-2.15.3.jar:/home/divum/.m2/repository/com/fasterxml/jackson/core/jackson-core/2.15.3/jackson-core-2.15.3.jar:/home/divum/.m2/repository/org/springframework/boot/spring-boot-starter-validation/3.2.2/spring-boot-starter-validation-3.2.2.jar:/home/divum/.m2/repository/org/apache/tomcat/embed/tomcat-embed-el/10.1.18/tomcat-embed-el-10.1.18.jar:/home/divum/.m2/repository/org/hibernate/validator/hibernate-validator/8.0.1.Final/hibernate-validator-8.0.1.Final.jar:/home/divum/.m2/repository/jakarta/validation/jakarta.validation-api/3.0.2/jakarta.validation-api-3.0.2.jar:/home/divum/.m2/repository/io/jsonwebtoken/jjwt-jackson/0.11.5/jjwt-jackson-0.11.5.jar:/home/divum/.m2/repository/io/jsonwebtoken/jjwt-impl/0.11.5/jjwt-impl-0.11.5.jar:/home/divum/.m2/repository/io/jsonwebtoken/jjwt-api/0.11.5/jjwt-api-0.11.5.jar:/home/divum/.m2/repository/org/springframework/boot/spring-boot-starter-thymeleaf/3.2.1/spring-boot-starter-thymeleaf-3.2.1.jar:/home/divum/.m2/repository/org/thymeleaf/thymeleaf-spring6/3.1.2.RELEASE/thymeleaf-spring6-3.1.2.RELEASE.jar:/home/divum/.m2/repository/org/thymeleaf/thymeleaf/3.1.2.RELEASE/thymeleaf-3.1.2.RELEASE.jar:/home/divum/.m2/repository/org/attoparser/attoparser/2.0.7.RELEASE/attoparser-2.0.7.RELEASE.jar:/home/divum/.m2/repository/org/unbescape/unbescape/1.1.6.RELEASE/unbescape-1.1.6.RELEASE.jar:/home/divum/.m2/repository/com/github/ulisesbocchio/jasypt-spring-boot-starter/3.0.5/jasypt-spring-boot-starter-3.0.5.jar:/home/divum/.m2/repository/com/github/ulisesbocchio/jasypt-spring-boot/3.0.5/jasypt-spring-boot-3.0.5.jar:/home/divum/.m2/repository/org/jasypt/jasypt/1.9.3/jasypt-1.9.3.jar:/home/divum/.m2/repository/com/google/firebase/firebase-admin/9.2.0/firebase-admin-9.2.0.jar:/home/divum/.m2/repository/com/google/api-client/google-api-client-gson/2.2.0/google-api-client-gson-2.2.0.jar:/home/divum/.m2/repository/com/google/api/api-common/2.12.0/api-common-2.12.0.jar:/home/divum/.m2/repository/com/google/auto/value/auto-value-annotations/1.10.1/auto-value-annotations-1.10.1.jar:/home/divum/.m2/repository/javax/annotation/javax.annotation-api/1.3.2/javax.annotation-api-1.3.2.jar:/home/divum/.m2/repository/com/google/auth/google-auth-library-oauth2-http/1.17.0/google-auth-library-oauth2-http-1.17.0.jar:/home/divum/.m2/repository/com/google/auth/google-auth-library-credentials/1.17.0/google-auth-library-credentials-1.17.0.jar:/home/divum/.m2/repository/com/google/cloud/google-cloud-storage/2.22.4/google-cloud-storage-2.22.4.jar:/home/divum/.m2/repository/com/google/http-client/google-http-client-jackson2/1.43.1/google-http-client-jackson2-1.43.1.jar:/home/divum/.m2/repository/com/google/apis/google-api-services-storage/v1-rev20230301-2.0.0/google-api-services-storage-v1-rev20230301-2.0.0.jar:/home/divum/.m2/repository/com/google/cloud/google-cloud-core/2.19.0/google-cloud-core-2.19.0.jar:/home/divum/.m2/repository/com/google/cloud/google-cloud-core-http/2.19.0/google-cloud-core-http-2.19.0.jar:/home/divum/.m2/repository/com/google/http-client/google-http-client-appengine/1.43.1/google-http-client-appengine-1.43.1.jar:/home/divum/.m2/repository/com/google/api/gax-httpjson/0.114.0/gax-httpjson-0.114.0.jar:/home/divum/.m2/repository/com/google/cloud/google-cloud-core-grpc/2.19.0/google-cloud-core-grpc-2.19.0.jar:/home/divum/.m2/repository/com/google/api/gax/2.29.0/gax-2.29.0.jar:/home/divum/.m2/repository/com/google/api/gax-grpc/2.29.0/gax-grpc-2.29.0.jar:/home/divum/.m2/repository/io/grpc/grpc-alts/1.55.1/grpc-alts-1.55.1.jar:/home/divum/.m2/repository/io/grpc/grpc-grpclb/1.55.1/grpc-grpclb-1.55.1.jar:/home/divum/.m2/repository/org/conscrypt/conscrypt-openjdk-uber/2.5.2/conscrypt-openjdk-uber-2.5.2.jar:/home/divum/.m2/repository/io/grpc/grpc-auth/1.55.1/grpc-auth-1.55.1.jar:/home/divum/.m2/repository/io/grpc/grpc-protobuf/1.55.1/grpc-protobuf-1.55.1.jar:/home/divum/.m2/repository/io/grpc/grpc-protobuf-lite/1.55.1/grpc-protobuf-lite-1.55.1.jar:/home/divum/.m2/repository/io/grpc/grpc-context/1.55.1/grpc-context-1.55.1.jar:/home/divum/.m2/repository/com/google/api/grpc/proto-google-iam-v1/1.15.0/proto-google-iam-v1-1.15.0.jar:/home/divum/.m2/repository/com/google/protobuf/protobuf-java/3.23.2/protobuf-java-3.23.2.jar:/home/divum/.m2/repository/com/google/protobuf/protobuf-java-util/3.23.2/protobuf-java-util-3.23.2.jar:/home/divum/.m2/repository/com/google/api/grpc/proto-google-common-protos/2.20.0/proto-google-common-protos-2.20.0.jar:/home/divum/.m2/repository/org/threeten/threetenbp/1.6.8/threetenbp-1.6.8.jar:/home/divum/.m2/repository/com/google/api/grpc/proto-google-cloud-storage-v2/2.22.4-alpha/proto-google-cloud-storage-v2-2.22.4-alpha.jar:/home/divum/.m2/repository/com/google/api/grpc/grpc-google-cloud-storage-v2/2.22.4-alpha/grpc-google-cloud-storage-v2-2.22.4-alpha.jar:/home/divum/.m2/repository/com/google/api/grpc/gapic-google-cloud-storage-v2/2.22.4-alpha/gapic-google-cloud-storage-v2-2.22.4-alpha.jar:/home/divum/.m2/repository/io/grpc/grpc-api/1.55.1/grpc-api-1.55.1.jar:/home/divum/.m2/repository/io/grpc/grpc-netty-shaded/1.55.1/grpc-netty-shaded-1.55.1.jar:/home/divum/.m2/repository/io/perfmark/perfmark-api/0.26.0/perfmark-api-0.26.0.jar:/home/divum/.m2/repository/io/grpc/grpc-core/1.55.1/grpc-core-1.55.1.jar:/home/divum/.m2/repository/com/google/android/annotations/4.1.1.4/annotations-4.1.1.4.jar:/home/divum/.m2/repository/org/codehaus/mojo/animal-sniffer-annotations/1.23/animal-sniffer-annotations-1.23.jar:/home/divum/.m2/repository/io/grpc/grpc-stub/1.55.1/grpc-stub-1.55.1.jar:/home/divum/.m2/repository/io/grpc/grpc-googleapis/1.55.1/grpc-googleapis-1.55.1.jar:/home/divum/.m2/repository/io/grpc/grpc-xds/1.55.1/grpc-xds-1.55.1.jar:/home/divum/.m2/repository/io/opencensus/opencensus-proto/0.2.0/opencensus-proto-0.2.0.jar:/home/divum/.m2/repository/io/grpc/grpc-services/1.55.1/grpc-services-1.55.1.jar:/home/divum/.m2/repository/com/google/re2j/re2j/1.6/re2j-1.6.jar:/home/divum/.m2/repository/io/grpc/grpc-rls/1.55.1/grpc-rls-1.55.1.jar:/home/divum/.m2/repository/com/google/cloud/google-cloud-firestore/3.13.0/google-cloud-firestore-3.13.0.jar:/home/divum/.m2/repository/com/google/api/grpc/proto-google-cloud-firestore-v1/3.13.0/proto-google-cloud-firestore-v1-3.13.0.jar:/home/divum/.m2/repository/com/google/cloud/proto-google-cloud-firestore-bundle-v1/3.13.0/proto-google-cloud-firestore-bundle-v1-3.13.0.jar:/home/divum/.m2/repository/io/opencensus/opencensus-contrib-grpc-util/0.31.1/opencensus-contrib-grpc-util-0.31.1.jar:/home/divum/.m2/repository/org/slf4j/slf4j-api/2.0.11/slf4j-api-2.0.11.jar:/home/divum/.m2/repository/io/netty/netty-codec-http/4.1.105.Final/netty-codec-http-4.1.105.Final.jar:/home/divum/.m2/repository/io/netty/netty-buffer/4.1.105.Final/netty-buffer-4.1.105.Final.jar:/home/divum/.m2/repository/io/netty/netty-codec/4.1.105.Final/netty-codec-4.1.105.Final.jar:/home/divum/.m2/repository/io/netty/netty-handler/4.1.105.Final/netty-handler-4.1.105.Final.jar:/home/divum/.m2/repository/io/netty/netty-resolver/4.1.105.Final/netty-resolver-4.1.105.Final.jar:/home/divum/.m2/repository/io/netty/netty-transport-native-unix-common/4.1.105.Final/netty-transport-native-unix-common-4.1.105.Final.jar:/home/divum/.m2/repository/io/netty/netty-transport/4.1.105.Final/netty-transport-4.1.105.Final.jar:/home/divum/.m2/repository/com/amazonaws/aws-java-sdk/1.12.651/aws-java-sdk-1.12.651.jar:/home/divum/.m2/repository/com/amazonaws/aws-java-sdk-supplychain/1.12.651/aws-java-sdk-supplychain-1.12.651.jar:/home/divum/.m2/repository/com/amazonaws/jmespath-java/1.12.651/jmespath-java-1.12.651.jar:/home/divum/.m2/repository/com/amazonaws/aws-java-sdk-networkmonitor/1.12.651/aws-java-sdk-networkmonitor-1.12.651.jar:/home/divum/.m2/repository/com/amazonaws/aws-java-sdk-marketplaceagreement/1.12.651/aws-java-sdk-marketplaceagreement-1.12.651.jar:/home/divum/.m2/repository/com/amazonaws/aws-java-sdk-marketplacedeployment/1.12.651/aws-java-sdk-marketplacedeployment-1.12.651.jar:/home/divum/.m2/repository/com/amazonaws/aws-java-sdk-cleanroomsml/1.12.651/aws-java-sdk-cleanroomsml-1.12.651.jar:/home/divum/.m2/repository/com/amazonaws/aws-java-sdk-bedrockagent/1.12.651/aws-java-sdk-bedrockagent-1.12.651.jar:/home/divum/.m2/repository/com/amazonaws/aws-java-sdk-qconnect/1.12.651/aws-java-sdk-qconnect-1.12.651.jar:/home/divum/.m2/repository/com/amazonaws/aws-java-sdk-qbusiness/1.12.651/aws-java-sdk-qbusiness-1.12.651.jar:/home/divum/.m2/repository/com/amazonaws/aws-java-sdk-bedrockagentruntime/1.12.651/aws-java-sdk-bedrockagentruntime-1.12.651.jar:/home/divum/.m2/repository/com/amazonaws/aws-java-sdk-b2bi/1.12.651/aws-java-sdk-b2bi-1.12.651.jar:/home/divum/.m2/repository/com/amazonaws/aws-java-sdk-workspacesthinclient/1.12.651/aws-java-sdk-workspacesthinclient-1.12.651.jar:/home/divum/.m2/repository/com/amazonaws/aws-java-sdk-eksauth/1.12.651/aws-java-sdk-eksauth-1.12.651.jar:/home/divum/.m2/repository/com/amazonaws/aws-java-sdk-freetier/1.12.651/aws-java-sdk-freetier-1.12.651.jar:/home/divum/.m2/repository/com/amazonaws/aws-java-sdk-bcmdataexports/1.12.651/aws-java-sdk-bcmdataexports-1.12.651.jar:/home/divum/.m2/repository/com/amazonaws/aws-java-sdk-repostspace/1.12.651/aws-java-sdk-repostspace-1.12.651.jar:/home/divum/.m2/repository/com/amazonaws/aws-java-sdk-costoptimizationhub/1.12.651/aws-java-sdk-costoptimizationhub-1.12.651.jar:/home/divum/.m2/repository/com/amazonaws/aws-java-sdk-inspectorscan/1.12.651/aws-java-sdk-inspectorscan-1.12.651.jar:/home/divum/.m2/repository/com/amazonaws/aws-java-sdk-trustedadvisor/1.12.651/aws-java-sdk-trustedadvisor-1.12.651.jar:/home/divum/.m2/repository/com/amazonaws/aws-java-sdk-launchwizard/1.12.651/aws-java-sdk-launchwizard-1.12.651.jar:/home/divum/.m2/repository/com/amazonaws/aws-java-sdk-datazoneexternal/1.12.651/aws-java-sdk-datazoneexternal-1.12.651.jar:/home/divum/.m2/repository/com/amazonaws/aws-java-sdk-bedrock/1.12.651/aws-java-sdk-bedrock-1.12.651.jar:/home/divum/.m2/repository/com/amazonaws/aws-java-sdk-bedrockruntime/1.12.651/aws-java-sdk-bedrockruntime-1.12.651.jar:/home/divum/.m2/repository/com/amazonaws/aws-java-sdk-neptunedata/1.12.651/aws-java-sdk-neptunedata-1.12.651.jar:/home/divum/.m2/repository/com/amazonaws/aws-java-sdk-pcaconnectorad/1.12.651/aws-java-sdk-pcaconnectorad-1.12.651.jar:/home/divum/.m2/repository/com/amazonaws/aws-java-sdk-managedblockchainquery/1.12.651/aws-java-sdk-managedblockchainquery-1.12.651.jar:/home/divum/.m2/repository/com/amazonaws/aws-java-sdk-entityresolution/1.12.651/aws-java-sdk-entityresolution-1.12.651.jar:/home/divum/.m2/repository/com/amazonaws/aws-java-sdk-medicalimaging/1.12.651/aws-java-sdk-medicalimaging-1.12.651.jar:/home/divum/.m2/repository/com/amazonaws/aws-java-sdk-appfabric/1.12.651/aws-java-sdk-appfabric-1.12.651.jar:/home/divum/.m2/repository/com/amazonaws/aws-java-sdk-verifiedpermissions/1.12.651/aws-java-sdk-verifiedpermissions-1.12.651.jar:/home/divum/.m2/repository/com/amazonaws/aws-java-sdk-codegurusecurity/1.12.651/aws-java-sdk-codegurusecurity-1.12.651.jar:/home/divum/.m2/repository/com/amazonaws/aws-java-sdk-paymentcryptography/1.12.651/aws-java-sdk-paymentcryptography-1.12.651.jar:/home/divum/.m2/repository/com/amazonaws/aws-java-sdk-paymentcryptographydata/1.12.651/aws-java-sdk-paymentcryptographydata-1.12.651.jar:/home/divum/.m2/repository/com/amazonaws/aws-java-sdk-mediapackagev2/1.12.651/aws-java-sdk-mediapackagev2-1.12.651.jar:/home/divum/.m2/repository/com/amazonaws/aws-java-sdk-osis/1.12.651/aws-java-sdk-osis-1.12.651.jar:/home/divum/.m2/repository/com/amazonaws/aws-java-sdk-vpclattice/1.12.651/aws-java-sdk-vpclattice-1.12.651.jar:/home/divum/.m2/repository/com/amazonaws/aws-java-sdk-ivsrealtime/1.12.651/aws-java-sdk-ivsrealtime-1.12.651.jar:/home/divum/.m2/repository/com/amazonaws/aws-java-sdk-internetmonitor/1.12.651/aws-java-sdk-internetmonitor-1.12.651.jar:/home/divum/.m2/repository/com/amazonaws/aws-java-sdk-tnb/1.12.651/aws-java-sdk-tnb-1.12.651.jar:/home/divum/.m2/repository/com/amazonaws/aws-java-sdk-cloudtraildata/1.12.651/aws-java-sdk-cloudtraildata-1.12.651.jar:/home/divum/.m2/repository/com/amazonaws/aws-java-sdk-cleanrooms/1.12.651/aws-java-sdk-cleanrooms-1.12.651.jar:/home/divum/.m2/repository/com/amazonaws/aws-java-sdk-kendraranking/1.12.651/aws-java-sdk-kendraranking-1.12.651.jar:/home/divum/.m2/repository/com/amazonaws/aws-java-sdk-licensemanagerlinuxsubscriptions/1.12.651/aws-java-sdk-licensemanagerlinuxsubscriptions-1.12.651.jar:/home/divum/.m2/repository/com/amazonaws/aws-java-sdk-kinesisvideowebrtcstorage/1.12.651/aws-java-sdk-kinesisvideowebrtcstorage-1.12.651.jar:/home/divum/.m2/repository/com/amazonaws/aws-java-sdk-sagemakermetrics/1.12.651/aws-java-sdk-sagemakermetrics-1.12.651.jar:/home/divum/.m2/repository/com/amazonaws/aws-java-sdk-pipes/1.12.651/aws-java-sdk-pipes-1.12.651.jar:/home/divum/.m2/repository/com/amazonaws/aws-java-sdk-sagemakergeospatial/1.12.651/aws-java-sdk-sagemakergeospatial-1.12.651.jar:/home/divum/.m2/repository/com/amazonaws/aws-java-sdk-docdbelastic/1.12.651/aws-java-sdk-docdbelastic-1.12.651.jar:/home/divum/.m2/repository/com/amazonaws/aws-java-sdk-omics/1.12.651/aws-java-sdk-omics-1.12.651.jar:/home/divum/.m2/repository/com/amazonaws/aws-java-sdk-opensearchserverless/1.12.651/aws-java-sdk-opensearchserverless-1.12.651.jar:/home/divum/.m2/repository/com/amazonaws/aws-java-sdk-securitylake/1.12.651/aws-java-sdk-securitylake-1.12.651.jar:/home/divum/.m2/repository/com/amazonaws/aws-java-sdk-simspaceweaver/1.12.651/aws-java-sdk-simspaceweaver-1.12.651.jar:/home/divum/.m2/repository/com/amazonaws/aws-java-sdk-arczonalshift/1.12.651/aws-java-sdk-arczonalshift-1.12.651.jar:/home/divum/.m2/repository/com/amazonaws/aws-java-sdk-oam/1.12.651/aws-java-sdk-oam-1.12.651.jar:/home/divum/.m2/repository/com/amazonaws/aws-java-sdk-iotroborunner/1.12.651/aws-java-sdk-iotroborunner-1.12.651.jar:/home/divum/.m2/repository/com/amazonaws/aws-java-sdk-chimesdkvoice/1.12.651/aws-java-sdk-chimesdkvoice-1.12.651.jar:/home/divum/.m2/repository/com/amazonaws/aws-java-sdk-ssmsap/1.12.651/aws-java-sdk-ssmsap-1.12.651.jar:/home/divum/.m2/repository/com/amazonaws/aws-java-sdk-scheduler/1.12.651/aws-java-sdk-scheduler-1.12.651.jar:/home/divum/.m2/repository/com/amazonaws/aws-java-sdk-resourceexplorer2/1.12.651/aws-java-sdk-resourceexplorer2-1.12.651.jar:/home/divum/.m2/repository/com/amazonaws/aws-java-sdk-connectcases/1.12.651/aws-java-sdk-connectcases-1.12.651.jar:/home/divum/.m2/repository/com/amazonaws/aws-java-sdk-migrationhuborchestrator/1.12.651/aws-java-sdk-migrationhuborchestrator-1.12.651.jar:/home/divum/.m2/repository/com/amazonaws/aws-java-sdk-iotfleetwise/1.12.651/aws-java-sdk-iotfleetwise-1.12.651.jar:/home/divum/.m2/repository/com/amazonaws/aws-java-sdk-controltower/1.12.651/aws-java-sdk-controltower-1.12.651.jar:/home/divum/.m2/repository/com/amazonaws/aws-java-sdk-supportapp/1.12.651/aws-java-sdk-supportapp-1.12.651.jar:/home/divum/.m2/repository/com/amazonaws/aws-java-sdk-private5g/1.12.651/aws-java-sdk-private5g-1.12.651.jar:/home/divum/.m2/repository/com/amazonaws/aws-java-sdk-backupstorage/1.12.651/aws-java-sdk-backupstorage-1.12.651.jar:/home/divum/.m2/repository/com/amazonaws/aws-java-sdk-licensemanagerusersubscriptions/1.12.651/aws-java-sdk-licensemanagerusersubscriptions-1.12.651.jar:/home/divum/.m2/repository/com/amazonaws/aws-java-sdk-iamrolesanywhere/1.12.651/aws-java-sdk-iamrolesanywhere-1.12.651.jar:/home/divum/.m2/repository/com/amazonaws/aws-java-sdk-redshiftserverless/1.12.651/aws-java-sdk-redshiftserverless-1.12.651.jar:/home/divum/.m2/repository/com/amazonaws/aws-java-sdk-connectcampaign/1.12.651/aws-java-sdk-connectcampaign-1.12.651.jar:/home/divum/.m2/repository/com/amazonaws/aws-java-sdk-mainframemodernization/1.12.651/aws-java-sdk-mainframemodernization-1.12.651.jar:/home/divum/.m2/repository/com/amazonaws/aws-java-sdk-emrserverless/1.12.651/aws-java-sdk-emrserverless-1.12.651.jar:/home/divum/.m2/repository/com/amazonaws/aws-java-sdk-chimesdkmediapipelines/1.12.651/aws-java-sdk-chimesdkmediapipelines-1.12.651.jar:/home/divum/.m2/repository/com/amazonaws/aws-java-sdk-ivschat/1.12.651/aws-java-sdk-ivschat-1.12.651.jar:/home/divum/.m2/repository/com/amazonaws/aws-java-sdk-pinpointsmsvoicev2/1.12.651/aws-java-sdk-pinpointsmsvoicev2-1.12.651.jar:/home/divum/.m2/repository/com/amazonaws/aws-java-sdk-billingconductor/1.12.651/aws-java-sdk-billingconductor-1.12.651.jar:/home/divum/.m2/repository/com/amazonaws/aws-java-sdk-keyspaces/1.12.651/aws-java-sdk-keyspaces-1.12.651.jar:/home/divum/.m2/repository/com/amazonaws/aws-java-sdk-amplifyuibuilder/1.12.651/aws-java-sdk-amplifyuibuilder-1.12.651.jar:/home/divum/.m2/repository/com/amazonaws/aws-java-sdk-backupgateway/1.12.651/aws-java-sdk-backupgateway-1.12.651.jar:/home/divum/.m2/repository/com/amazonaws/aws-java-sdk-workspacesweb/1.12.651/aws-java-sdk-workspacesweb-1.12.651.jar:/home/divum/.m2/repository/com/amazonaws/aws-java-sdk-iottwinmaker/1.12.651/aws-java-sdk-iottwinmaker-1.12.651.jar:/home/divum/.m2/repository/com/amazonaws/aws-java-sdk-recyclebin/1.12.651/aws-java-sdk-recyclebin-1.12.651.jar:/home/divum/.m2/repository/com/amazonaws/aws-java-sdk-cloudwatchrum/1.12.651/aws-java-sdk-cloudwatchrum-1.12.651.jar:/home/divum/.m2/repository/com/amazonaws/aws-java-sdk-cloudwatchevidently/1.12.651/aws-java-sdk-cloudwatchevidently-1.12.651.jar:/home/divum/.m2/repository/com/amazonaws/aws-java-sdk-inspector2/1.12.651/aws-java-sdk-inspector2-1.12.651.jar:/home/divum/.m2/repository/com/amazonaws/aws-java-sdk-migrationhubrefactorspaces/1.12.651/aws-java-sdk-migrationhubrefactorspaces-1.12.651.jar:/home/divum/.m2/repository/com/amazonaws/aws-java-sdk-appconfigdata/1.12.651/aws-java-sdk-appconfigdata-1.12.651.jar:/home/divum/.m2/repository/com/amazonaws/aws-java-sdk-drs/1.12.651/aws-java-sdk-drs-1.12.651.jar:/home/divum/.m2/repository/com/amazonaws/aws-java-sdk-migrationhubstrategyrecommendations/1.12.651/aws-java-sdk-migrationhubstrategyrecommendations-1.12.651.jar:/home/divum/.m2/repository/com/amazonaws/aws-java-sdk-resiliencehub/1.12.651/aws-java-sdk-resiliencehub-1.12.651.jar:/home/divum/.m2/repository/com/amazonaws/aws-java-sdk-chimesdkmeetings/1.12.651/aws-java-sdk-chimesdkmeetings-1.12.651.jar:/home/divum/.m2/repository/com/amazonaws/aws-java-sdk-panorama/1.12.651/aws-java-sdk-panorama-1.12.651.jar:/home/divum/.m2/repository/com/amazonaws/aws-java-sdk-managedgrafana/1.12.651/aws-java-sdk-managedgrafana-1.12.651.jar:/home/divum/.m2/repository/com/amazonaws/aws-java-sdk-cloudcontrolapi/1.12.651/aws-java-sdk-cloudcontrolapi-1.12.651.jar:/home/divum/.m2/repository/com/amazonaws/aws-java-sdk-account/1.12.651/aws-java-sdk-account-1.12.651.jar:/home/divum/.m2/repository/com/amazonaws/aws-java-sdk-voiceid/1.12.651/aws-java-sdk-voiceid-1.12.651.jar:/home/divum/.m2/repository/com/amazonaws/aws-java-sdk-connectwisdom/1.12.651/aws-java-sdk-connectwisdom-1.12.651.jar:/home/divum/.m2/repository/com/amazonaws/aws-java-sdk-kafkaconnect/1.12.651/aws-java-sdk-kafkaconnect-1.12.651.jar:/home/divum/.m2/repository/com/amazonaws/aws-java-sdk-opensearch/1.12.651/aws-java-sdk-opensearch-1.12.651.jar:/home/divum/.m2/repository/com/amazonaws/aws-java-sdk-memorydb/1.12.651/aws-java-sdk-memorydb-1.12.651.jar:/home/divum/.m2/repository/com/amazonaws/aws-java-sdk-snowdevicemanagement/1.12.651/aws-java-sdk-snowdevicemanagement-1.12.651.jar:/home/divum/.m2/repository/com/amazonaws/aws-java-sdk-chimesdkidentity/1.12.651/aws-java-sdk-chimesdkidentity-1.12.651.jar:/home/divum/.m2/repository/com/amazonaws/aws-java-sdk-chimesdkmessaging/1.12.651/aws-java-sdk-chimesdkmessaging-1.12.651.jar:/home/divum/.m2/repository/com/amazonaws/aws-java-sdk-route53recoverycluster/1.12.651/aws-java-sdk-route53recoverycluster-1.12.651.jar:/home/divum/.m2/repository/com/amazonaws/aws-java-sdk-route53recoverycontrolconfig/1.12.651/aws-java-sdk-route53recoverycontrolconfig-1.12.651.jar:/home/divum/.m2/repository/com/amazonaws/aws-java-sdk-route53recoveryreadiness/1.12.651/aws-java-sdk-route53recoveryreadiness-1.12.651.jar:/home/divum/.m2/repository/com/amazonaws/aws-java-sdk-proton/1.12.651/aws-java-sdk-proton-1.12.651.jar:/home/divum/.m2/repository/com/amazonaws/aws-java-sdk-apprunner/1.12.651/aws-java-sdk-apprunner-1.12.651.jar:/home/divum/.m2/repository/com/amazonaws/aws-java-sdk-applicationcostprofiler/1.12.651/aws-java-sdk-applicationcostprofiler-1.12.651.jar:/home/divum/.m2/repository/com/amazonaws/aws-java-sdk-ssmcontacts/1.12.651/aws-java-sdk-ssmcontacts-1.12.651.jar:/home/divum/.m2/repository/com/amazonaws/aws-java-sdk-ssmincidents/1.12.651/aws-java-sdk-ssmincidents-1.12.651.jar:/home/divum/.m2/repository/com/amazonaws/aws-java-sdk-finspacedata/1.12.651/aws-java-sdk-finspacedata-1.12.651.jar:/home/divum/.m2/repository/com/amazonaws/aws-java-sdk-finspace/1.12.651/aws-java-sdk-finspace-1.12.651.jar:/home/divum/.m2/repository/com/amazonaws/aws-java-sdk-nimblestudio/1.12.651/aws-java-sdk-nimblestudio-1.12.651.jar:/home/divum/.m2/repository/com/amazonaws/aws-java-sdk-lookoutequipment/1.12.651/aws-java-sdk-lookoutequipment-1.12.651.jar:/home/divum/.m2/repository/com/amazonaws/aws-java-sdk-mgn/1.12.651/aws-java-sdk-mgn-1.12.651.jar:/home/divum/.m2/repository/com/amazonaws/aws-java-sdk-lookoutmetrics/1.12.651/aws-java-sdk-lookoutmetrics-1.12.651.jar:/home/divum/.m2/repository/com/amazonaws/aws-java-sdk-fis/1.12.651/aws-java-sdk-fis-1.12.651.jar:/home/divum/.m2/repository/com/amazonaws/aws-java-sdk-lexmodelsv2/1.12.651/aws-java-sdk-lexmodelsv2-1.12.651.jar:/home/divum/.m2/repository/com/amazonaws/aws-java-sdk-lexruntimev2/1.12.651/aws-java-sdk-lexruntimev2-1.12.651.jar:/home/divum/.m2/repository/com/amazonaws/aws-java-sdk-wellarchitected/1.12.651/aws-java-sdk-wellarchitected-1.12.651.jar:/home/divum/.m2/repository/com/amazonaws/aws-java-sdk-location/1.12.651/aws-java-sdk-location-1.12.651.jar:/home/divum/.m2/repository/com/amazonaws/aws-java-sdk-iotdeviceadvisor/1.12.651/aws-java-sdk-iotdeviceadvisor-1.12.651.jar:/home/divum/.m2/repository/com/amazonaws/aws-java-sdk-iotfleethub/1.12.651/aws-java-sdk-iotfleethub-1.12.651.jar:/home/divum/.m2/repository/com/amazonaws/aws-java-sdk-iotwireless/1.12.651/aws-java-sdk-iotwireless-1.12.651.jar:/home/divum/.m2/repository/com/amazonaws/aws-java-sdk-greengrassv2/1.12.651/aws-java-sdk-greengrassv2-1.12.651.jar:/home/divum/.m2/repository/com/amazonaws/aws-java-sdk-prometheus/1.12.651/aws-java-sdk-prometheus-1.12.651.jar:/home/divum/.m2/repository/com/amazonaws/aws-java-sdk-auditmanager/1.12.651/aws-java-sdk-auditmanager-1.12.651.jar:/home/divum/.m2/repository/com/amazonaws/aws-java-sdk-healthlake/1.12.651/aws-java-sdk-healthlake-1.12.651.jar:/home/divum/.m2/repository/com/amazonaws/aws-java-sdk-sagemakeredgemanager/1.12.651/aws-java-sdk-sagemakeredgemanager-1.12.651.jar:/home/divum/.m2/repository/com/amazonaws/aws-java-sdk-emrcontainers/1.12.651/aws-java-sdk-emrcontainers-1.12.651.jar:/home/divum/.m2/repository/com/amazonaws/aws-java-sdk-customerprofiles/1.12.651/aws-java-sdk-customerprofiles-1.12.651.jar:/home/divum/.m2/repository/com/amazonaws/aws-java-sdk-lookoutforvision/1.12.651/aws-java-sdk-lookoutforvision-1.12.651.jar:/home/divum/.m2/repository/com/amazonaws/aws-java-sdk-connectcontactlens/1.12.651/aws-java-sdk-connectcontactlens-1.12.651.jar:/home/divum/.m2/repository/com/amazonaws/aws-java-sdk-amplifybackend/1.12.651/aws-java-sdk-amplifybackend-1.12.651.jar:/home/divum/.m2/repository/com/amazonaws/aws-java-sdk-ecrpublic/1.12.651/aws-java-sdk-ecrpublic-1.12.651.jar:/home/divum/.m2/repository/com/amazonaws/aws-java-sdk-appintegrations/1.12.651/aws-java-sdk-appintegrations-1.12.651.jar:/home/divum/.m2/repository/com/amazonaws/aws-java-sdk-sagemakerfeaturestoreruntime/1.12.651/aws-java-sdk-sagemakerfeaturestoreruntime-1.12.651.jar:/home/divum/.m2/repository/com/amazonaws/aws-java-sdk-devopsguru/1.12.651/aws-java-sdk-devopsguru-1.12.651.jar:/home/divum/.m2/repository/com/amazonaws/aws-java-sdk-mwaa/1.12.651/aws-java-sdk-mwaa-1.12.651.jar:/home/divum/.m2/repository/com/amazonaws/aws-java-sdk-networkfirewall/1.12.651/aws-java-sdk-networkfirewall-1.12.651.jar:/home/divum/.m2/repository/com/amazonaws/aws-java-sdk-appregistry/1.12.651/aws-java-sdk-appregistry-1.12.651.jar:/home/divum/.m2/repository/com/amazonaws/aws-java-sdk-gluedatabrew/1.12.651/aws-java-sdk-gluedatabrew-1.12.651.jar:/home/divum/.m2/repository/com/amazonaws/aws-java-sdk-s3outposts/1.12.651/aws-java-sdk-s3outposts-1.12.651.jar:/home/divum/.m2/repository/com/amazonaws/aws-java-sdk-timestreamquery/1.12.651/aws-java-sdk-timestreamquery-1.12.651.jar:/home/divum/.m2/repository/com/amazonaws/aws-java-sdk-timestreamwrite/1.12.651/aws-java-sdk-timestreamwrite-1.12.651.jar:/home/divum/.m2/repository/com/amazonaws/aws-java-sdk-ssoadmin/1.12.651/aws-java-sdk-ssoadmin-1.12.651.jar:/home/divum/.m2/repository/com/amazonaws/aws-java-sdk-redshiftdataapi/1.12.651/aws-java-sdk-redshiftdataapi-1.12.651.jar:/home/divum/.m2/repository/com/amazonaws/aws-java-sdk-appflow/1.12.651/aws-java-sdk-appflow-1.12.651.jar:/home/divum/.m2/repository/com/amazonaws/aws-java-sdk-identitystore/1.12.651/aws-java-sdk-identitystore-1.12.651.jar:/home/divum/.m2/repository/com/amazonaws/aws-java-sdk-braket/1.12.651/aws-java-sdk-braket-1.12.651.jar:/home/divum/.m2/repository/com/amazonaws/aws-java-sdk-ivs/1.12.651/aws-java-sdk-ivs-1.12.651.jar:/home/divum/.m2/repository/com/amazonaws/aws-java-sdk-honeycode/1.12.651/aws-java-sdk-honeycode-1.12.651.jar:/home/divum/.m2/repository/com/amazonaws/aws-java-sdk-codeartifact/1.12.651/aws-java-sdk-codeartifact-1.12.651.jar:/home/divum/.m2/repository/com/amazonaws/aws-java-sdk-macie2/1.12.651/aws-java-sdk-macie2-1.12.651.jar:/home/divum/.m2/repository/com/amazonaws/aws-java-sdk-iotsitewise/1.12.651/aws-java-sdk-iotsitewise-1.12.651.jar:/home/divum/.m2/repository/com/amazonaws/aws-java-sdk-synthetics/1.12.651/aws-java-sdk-synthetics-1.12.651.jar:/home/divum/.m2/repository/com/amazonaws/aws-java-sdk-codestarconnections/1.12.651/aws-java-sdk-codestarconnections-1.12.651.jar:/home/divum/.m2/repository/com/amazonaws/aws-java-sdk-detective/1.12.651/aws-java-sdk-detective-1.12.651.jar:/home/divum/.m2/repository/com/amazonaws/aws-java-sdk-kinesisvideosignalingchannels/1.12.651/aws-java-sdk-kinesisvideosignalingchannels-1.12.651.jar:/home/divum/.m2/repository/com/amazonaws/aws-java-sdk-ebs/1.12.651/aws-java-sdk-ebs-1.12.651.jar:/home/divum/.m2/repository/com/amazonaws/aws-java-sdk-augmentedairuntime/1.12.651/aws-java-sdk-augmentedairuntime-1.12.651.jar:/home/divum/.m2/repository/com/amazonaws/aws-java-sdk-outposts/1.12.651/aws-java-sdk-outposts-1.12.651.jar:/home/divum/.m2/repository/com/amazonaws/aws-java-sdk-codeguruprofiler/1.12.651/aws-java-sdk-codeguruprofiler-1.12.651.jar:/home/divum/.m2/repository/com/amazonaws/aws-java-sdk-codegurureviewer/1.12.651/aws-java-sdk-codegurureviewer-1.12.651.jar:/home/divum/.m2/repository/com/amazonaws/aws-java-sdk-frauddetector/1.12.651/aws-java-sdk-frauddetector-1.12.651.jar:/home/divum/.m2/repository/com/amazonaws/aws-java-sdk-kendra/1.12.651/aws-java-sdk-kendra-1.12.651.jar:/home/divum/.m2/repository/com/amazonaws/aws-java-sdk-networkmanager/1.12.651/aws-java-sdk-networkmanager-1.12.651.jar:/home/divum/.m2/repository/com/amazonaws/aws-java-sdk-computeoptimizer/1.12.651/aws-java-sdk-computeoptimizer-1.12.651.jar:/home/divum/.m2/repository/com/amazonaws/aws-java-sdk-accessanalyzer/1.12.651/aws-java-sdk-accessanalyzer-1.12.651.jar:/home/divum/.m2/repository/com/amazonaws/aws-java-sdk-schemas/1.12.651/aws-java-sdk-schemas-1.12.651.jar:/home/divum/.m2/repository/com/amazonaws/aws-java-sdk-imagebuilder/1.12.651/aws-java-sdk-imagebuilder-1.12.651.jar:/home/divum/.m2/repository/com/amazonaws/aws-java-sdk-elasticinference/1.12.651/aws-java-sdk-elasticinference-1.12.651.jar:/home/divum/.m2/repository/com/amazonaws/aws-java-sdk-iotsecuretunneling/1.12.651/aws-java-sdk-iotsecuretunneling-1.12.651.jar:/home/divum/.m2/repository/com/amazonaws/aws-java-sdk-appconfig/1.12.651/aws-java-sdk-appconfig-1.12.651.jar:/home/divum/.m2/repository/com/amazonaws/aws-java-sdk-wafv2/1.12.651/aws-java-sdk-wafv2-1.12.651.jar:/home/divum/.m2/repository/com/amazonaws/aws-java-sdk-connectparticipant/1.12.651/aws-java-sdk-connectparticipant-1.12.651.jar:/home/divum/.m2/repository/com/amazonaws/aws-java-sdk-migrationhubconfig/1.12.651/aws-java-sdk-migrationhubconfig-1.12.651.jar:/home/divum/.m2/repository/com/amazonaws/aws-java-sdk-dataexchange/1.12.651/aws-java-sdk-dataexchange-1.12.651.jar:/home/divum/.m2/repository/com/amazonaws/aws-java-sdk-sesv2/1.12.651/aws-java-sdk-sesv2-1.12.651.jar:/home/divum/.m2/repository/com/amazonaws/aws-java-sdk-marketplacecatalog/1.12.651/aws-java-sdk-marketplacecatalog-1.12.651.jar:/home/divum/.m2/repository/com/amazonaws/aws-java-sdk-ssooidc/1.12.651/aws-java-sdk-ssooidc-1.12.651.jar:/home/divum/.m2/repository/com/amazonaws/aws-java-sdk-sso/1.12.651/aws-java-sdk-sso-1.12.651.jar:/home/divum/.m2/repository/com/amazonaws/aws-java-sdk-savingsplans/1.12.651/aws-java-sdk-savingsplans-1.12.651.jar:/home/divum/.m2/repository/com/amazonaws/aws-java-sdk-codestarnotifications/1.12.651/aws-java-sdk-codestarnotifications-1.12.651.jar:/home/divum/.m2/repository/com/amazonaws/aws-java-sdk-workmailmessageflow/1.12.651/aws-java-sdk-workmailmessageflow-1.12.651.jar:/home/divum/.m2/repository/com/amazonaws/aws-java-sdk-qldbsession/1.12.651/aws-java-sdk-qldbsession-1.12.651.jar:/home/divum/.m2/repository/com/amazonaws/aws-java-sdk-qldb/1.12.651/aws-java-sdk-qldb-1.12.651.jar:/home/divum/.m2/repository/com/amazonaws/aws-java-sdk-forecastquery/1.12.651/aws-java-sdk-forecastquery-1.12.651.jar:/home/divum/.m2/repository/com/amazonaws/aws-java-sdk-forecast/1.12.651/aws-java-sdk-forecast-1.12.651.jar:/home/divum/.m2/repository/com/amazonaws/aws-java-sdk-lakeformation/1.12.651/aws-java-sdk-lakeformation-1.12.651.jar:/home/divum/.m2/repository/com/amazonaws/aws-java-sdk-eventbridge/1.12.651/aws-java-sdk-eventbridge-1.12.651.jar:/home/divum/.m2/repository/com/amazonaws/aws-java-sdk-ec2instanceconnect/1.12.651/aws-java-sdk-ec2instanceconnect-1.12.651.jar:/home/divum/.m2/repository/com/amazonaws/aws-java-sdk-applicationinsights/1.12.651/aws-java-sdk-applicationinsights-1.12.651.jar:/home/divum/.m2/repository/com/amazonaws/aws-java-sdk-servicequotas/1.12.651/aws-java-sdk-servicequotas-1.12.651.jar:/home/divum/.m2/repository/com/amazonaws/aws-java-sdk-personalizeevents/1.12.651/aws-java-sdk-personalizeevents-1.12.651.jar:/home/divum/.m2/repository/com/amazonaws/aws-java-sdk-personalize/1.12.651/aws-java-sdk-personalize-1.12.651.jar:/home/divum/.m2/repository/com/amazonaws/aws-java-sdk-personalizeruntime/1.12.651/aws-java-sdk-personalizeruntime-1.12.651.jar:/home/divum/.m2/repository/com/amazonaws/aws-java-sdk-ioteventsdata/1.12.651/aws-java-sdk-ioteventsdata-1.12.651.jar:/home/divum/.m2/repository/com/amazonaws/aws-java-sdk-iotevents/1.12.651/aws-java-sdk-iotevents-1.12.651.jar:/home/divum/.m2/repository/com/amazonaws/aws-java-sdk-iotthingsgraph/1.12.651/aws-java-sdk-iotthingsgraph-1.12.651.jar:/home/divum/.m2/repository/com/amazonaws/aws-java-sdk-groundstation/1.12.651/aws-java-sdk-groundstation-1.12.651.jar:/home/divum/.m2/repository/com/amazonaws/aws-java-sdk-mediapackagevod/1.12.651/aws-java-sdk-mediapackagevod-1.12.651.jar:/home/divum/.m2/repository/com/amazonaws/aws-java-sdk-managedblockchain/1.12.651/aws-java-sdk-managedblockchain-1.12.651.jar:/home/divum/.m2/repository/com/amazonaws/aws-java-sdk-textract/1.12.651/aws-java-sdk-textract-1.12.651.jar:/home/divum/.m2/repository/com/amazonaws/aws-java-sdk-worklink/1.12.651/aws-java-sdk-worklink-1.12.651.jar:/home/divum/.m2/repository/com/amazonaws/aws-java-sdk-backup/1.12.651/aws-java-sdk-backup-1.12.651.jar:/home/divum/.m2/repository/com/amazonaws/aws-java-sdk-docdb/1.12.651/aws-java-sdk-docdb-1.12.651.jar:/home/divum/.m2/repository/com/amazonaws/aws-java-sdk-apigatewayv2/1.12.651/aws-java-sdk-apigatewayv2-1.12.651.jar:/home/divum/.m2/repository/com/amazonaws/aws-java-sdk-apigatewaymanagementapi/1.12.651/aws-java-sdk-apigatewaymanagementapi-1.12.651.jar:/home/divum/.m2/repository/com/amazonaws/aws-java-sdk-kafka/1.12.651/aws-java-sdk-kafka-1.12.651.jar:/home/divum/.m2/repository/com/amazonaws/aws-java-sdk-appmesh/1.12.651/aws-java-sdk-appmesh-1.12.651.jar:/home/divum/.m2/repository/com/amazonaws/aws-java-sdk-licensemanager/1.12.651/aws-java-sdk-licensemanager-1.12.651.jar:/home/divum/.m2/repository/com/amazonaws/aws-java-sdk-securityhub/1.12.651/aws-java-sdk-securityhub-1.12.651.jar:/home/divum/.m2/repository/com/amazonaws/aws-java-sdk-fsx/1.12.651/aws-java-sdk-fsx-1.12.651.jar:/home/divum/.m2/repository/com/amazonaws/aws-java-sdk-mediaconnect/1.12.651/aws-java-sdk-mediaconnect-1.12.651.jar:/home/divum/.m2/repository/com/amazonaws/aws-java-sdk-kinesisanalyticsv2/1.12.651/aws-java-sdk-kinesisanalyticsv2-1.12.651.jar:/home/divum/.m2/repository/com/amazonaws/aws-java-sdk-comprehendmedical/1.12.651/aws-java-sdk-comprehendmedical-1.12.651.jar:/home/divum/.m2/repository/com/amazonaws/aws-java-sdk-globalaccelerator/1.12.651/aws-java-sdk-globalaccelerator-1.12.651.jar:/home/divum/.m2/repository/com/amazonaws/aws-java-sdk-transfer/1.12.651/aws-java-sdk-transfer-1.12.651.jar:/home/divum/.m2/repository/com/amazonaws/aws-java-sdk-datasync/1.12.651/aws-java-sdk-datasync-1.12.651.jar:/home/divum/.m2/repository/com/amazonaws/aws-java-sdk-robomaker/1.12.651/aws-java-sdk-robomaker-1.12.651.jar:/home/divum/.m2/repository/com/amazonaws/aws-java-sdk-amplify/1.12.651/aws-java-sdk-amplify-1.12.651.jar:/home/divum/.m2/repository/com/amazonaws/aws-java-sdk-quicksight/1.12.651/aws-java-sdk-quicksight-1.12.651.jar:/home/divum/.m2/repository/com/amazonaws/aws-java-sdk-rdsdata/1.12.651/aws-java-sdk-rdsdata-1.12.651.jar:/home/divum/.m2/repository/com/amazonaws/aws-java-sdk-route53resolver/1.12.651/aws-java-sdk-route53resolver-1.12.651.jar:/home/divum/.m2/repository/com/amazonaws/aws-java-sdk-ram/1.12.651/aws-java-sdk-ram-1.12.651.jar:/home/divum/.m2/repository/com/amazonaws/aws-java-sdk-s3control/1.12.651/aws-java-sdk-s3control-1.12.651.jar:/home/divum/.m2/repository/com/amazonaws/aws-java-sdk-pinpointsmsvoice/1.12.651/aws-java-sdk-pinpointsmsvoice-1.12.651.jar:/home/divum/.m2/repository/com/amazonaws/aws-java-sdk-pinpointemail/1.12.651/aws-java-sdk-pinpointemail-1.12.651.jar:/home/divum/.m2/repository/com/amazonaws/aws-java-sdk-chime/1.12.651/aws-java-sdk-chime-1.12.651.jar:/home/divum/.m2/repository/com/amazonaws/aws-java-sdk-signer/1.12.651/aws-java-sdk-signer-1.12.651.jar:/home/divum/.m2/repository/com/amazonaws/aws-java-sdk-dlm/1.12.651/aws-java-sdk-dlm-1.12.651.jar:/home/divum/.m2/repository/com/amazonaws/aws-java-sdk-eks/1.12.651/aws-java-sdk-eks-1.12.651.jar:/home/divum/.m2/repository/com/amazonaws/aws-java-sdk-mediatailor/1.12.651/aws-java-sdk-mediatailor-1.12.651.jar:/home/divum/.m2/repository/com/amazonaws/aws-java-sdk-neptune/1.12.651/aws-java-sdk-neptune-1.12.651.jar:/home/divum/.m2/repository/com/amazonaws/aws-java-sdk-pi/1.12.651/aws-java-sdk-pi-1.12.651.jar:/home/divum/.m2/repository/com/amazonaws/aws-java-sdk-iot1clickprojects/1.12.651/aws-java-sdk-iot1clickprojects-1.12.651.jar:/home/divum/.m2/repository/com/amazonaws/aws-java-sdk-iot1clickdevices/1.12.651/aws-java-sdk-iot1clickdevices-1.12.651.jar:/home/divum/.m2/repository/com/amazonaws/aws-java-sdk-iotanalytics/1.12.651/aws-java-sdk-iotanalytics-1.12.651.jar:/home/divum/.m2/repository/com/amazonaws/aws-java-sdk-acmpca/1.12.651/aws-java-sdk-acmpca-1.12.651.jar:/home/divum/.m2/repository/com/amazonaws/aws-java-sdk-secretsmanager/1.12.651/aws-java-sdk-secretsmanager-1.12.651.jar:/home/divum/.m2/repository/com/amazonaws/aws-java-sdk-fms/1.12.651/aws-java-sdk-fms-1.12.651.jar:/home/divum/.m2/repository/com/amazonaws/aws-java-sdk-connect/1.12.651/aws-java-sdk-connect-1.12.651.jar:/home/divum/.m2/repository/com/amazonaws/aws-java-sdk-transcribe/1.12.651/aws-java-sdk-transcribe-1.12.651.jar:/home/divum/.m2/repository/com/amazonaws/aws-java-sdk-autoscalingplans/1.12.651/aws-java-sdk-autoscalingplans-1.12.651.jar:/home/divum/.m2/repository/com/amazonaws/aws-java-sdk-workmail/1.12.651/aws-java-sdk-workmail-1.12.651.jar:/home/divum/.m2/repository/com/amazonaws/aws-java-sdk-servicediscovery/1.12.651/aws-java-sdk-servicediscovery-1.12.651.jar:/home/divum/.m2/repository/com/amazonaws/aws-java-sdk-cloud9/1.12.651/aws-java-sdk-cloud9-1.12.651.jar:/home/divum/.m2/repository/com/amazonaws/aws-java-sdk-serverlessapplicationrepository/1.12.651/aws-java-sdk-serverlessapplicationrepository-1.12.651.jar:/home/divum/.m2/repository/com/amazonaws/aws-java-sdk-alexaforbusiness/1.12.651/aws-java-sdk-alexaforbusiness-1.12.651.jar:/home/divum/.m2/repository/com/amazonaws/aws-java-sdk-resourcegroups/1.12.651/aws-java-sdk-resourcegroups-1.12.651.jar:/home/divum/.m2/repository/com/amazonaws/aws-java-sdk-comprehend/1.12.651/aws-java-sdk-comprehend-1.12.651.jar:/home/divum/.m2/repository/com/amazonaws/aws-java-sdk-translate/1.12.651/aws-java-sdk-translate-1.12.651.jar:/home/divum/.m2/repository/com/amazonaws/aws-java-sdk-sagemaker/1.12.651/aws-java-sdk-sagemaker-1.12.651.jar:/home/divum/.m2/repository/com/amazonaws/aws-java-sdk-iotjobsdataplane/1.12.651/aws-java-sdk-iotjobsdataplane-1.12.651.jar:/home/divum/.m2/repository/com/amazonaws/aws-java-sdk-sagemakerruntime/1.12.651/aws-java-sdk-sagemakerruntime-1.12.651.jar:/home/divum/.m2/repository/com/amazonaws/aws-java-sdk-kinesisvideo/1.12.651/aws-java-sdk-kinesisvideo-1.12.651.jar:/home/divum/.m2/repository/com/amazonaws/aws-java-sdk-appsync/1.12.651/aws-java-sdk-appsync-1.12.651.jar:/home/divum/.m2/repository/com/amazonaws/aws-java-sdk-guardduty/1.12.651/aws-java-sdk-guardduty-1.12.651.jar:/home/divum/.m2/repository/com/amazonaws/aws-java-sdk-mq/1.12.651/aws-java-sdk-mq-1.12.651.jar:/home/divum/.m2/repository/com/amazonaws/aws-java-sdk-mediaconvert/1.12.651/aws-java-sdk-mediaconvert-1.12.651.jar:/home/divum/.m2/repository/com/amazonaws/aws-java-sdk-mediastore/1.12.651/aws-java-sdk-mediastore-1.12.651.jar:/home/divum/.m2/repository/com/amazonaws/aws-java-sdk-mediastoredata/1.12.651/aws-java-sdk-mediastoredata-1.12.651.jar:/home/divum/.m2/repository/com/amazonaws/aws-java-sdk-medialive/1.12.651/aws-java-sdk-medialive-1.12.651.jar:/home/divum/.m2/repository/com/amazonaws/aws-java-sdk-mediapackage/1.12.651/aws-java-sdk-mediapackage-1.12.651.jar:/home/divum/.m2/repository/com/amazonaws/aws-java-sdk-costexplorer/1.12.651/aws-java-sdk-costexplorer-1.12.651.jar:/home/divum/.m2/repository/com/amazonaws/aws-java-sdk-pricing/1.12.651/aws-java-sdk-pricing-1.12.651.jar:/home/divum/.m2/repository/com/amazonaws/aws-java-sdk-mobile/1.12.651/aws-java-sdk-mobile-1.12.651.jar:/home/divum/.m2/repository/com/amazonaws/aws-java-sdk-cloudhsmv2/1.12.651/aws-java-sdk-cloudhsmv2-1.12.651.jar:/home/divum/.m2/repository/com/amazonaws/aws-java-sdk-glue/1.12.651/aws-java-sdk-glue-1.12.651.jar:/home/divum/.m2/repository/com/amazonaws/aws-java-sdk-migrationhub/1.12.651/aws-java-sdk-migrationhub-1.12.651.jar:/home/divum/.m2/repository/com/amazonaws/aws-java-sdk-dax/1.12.651/aws-java-sdk-dax-1.12.651.jar:/home/divum/.m2/repository/com/amazonaws/aws-java-sdk-greengrass/1.12.651/aws-java-sdk-greengrass-1.12.651.jar:/home/divum/.m2/repository/com/amazonaws/aws-java-sdk-athena/1.12.651/aws-java-sdk-athena-1.12.651.jar:/home/divum/.m2/repository/com/amazonaws/aws-java-sdk-marketplaceentitlement/1.12.651/aws-java-sdk-marketplaceentitlement-1.12.651.jar:/home/divum/.m2/repository/com/amazonaws/aws-java-sdk-codestar/1.12.651/aws-java-sdk-codestar-1.12.651.jar:/home/divum/.m2/repository/com/amazonaws/aws-java-sdk-lexmodelbuilding/1.12.651/aws-java-sdk-lexmodelbuilding-1.12.651.jar:/home/divum/.m2/repository/com/amazonaws/aws-java-sdk-resourcegroupstaggingapi/1.12.651/aws-java-sdk-resourcegroupstaggingapi-1.12.651.jar:/home/divum/.m2/repository/com/amazonaws/aws-java-sdk-pinpoint/1.12.651/aws-java-sdk-pinpoint-1.12.651.jar:/home/divum/.m2/repository/com/amazonaws/aws-java-sdk-xray/1.12.651/aws-java-sdk-xray-1.12.651.jar:/home/divum/.m2/repository/com/amazonaws/aws-java-sdk-opsworkscm/1.12.651/aws-java-sdk-opsworkscm-1.12.651.jar:/home/divum/.m2/repository/com/amazonaws/aws-java-sdk-support/1.12.651/aws-java-sdk-support-1.12.651.jar:/home/divum/.m2/repository/com/amazonaws/aws-java-sdk-simpledb/1.12.651/aws-java-sdk-simpledb-1.12.651.jar:/home/divum/.m2/repository/com/amazonaws/aws-java-sdk-servicecatalog/1.12.651/aws-java-sdk-servicecatalog-1.12.651.jar:/home/divum/.m2/repository/com/amazonaws/aws-java-sdk-servermigration/1.12.651/aws-java-sdk-servermigration-1.12.651.jar:/home/divum/.m2/repository/com/amazonaws/aws-java-sdk-simpleworkflow/1.12.651/aws-java-sdk-simpleworkflow-1.12.651.jar:/home/divum/.m2/repository/com/amazonaws/aws-java-sdk-storagegateway/1.12.651/aws-java-sdk-storagegateway-1.12.651.jar:/home/divum/.m2/repository/com/amazonaws/aws-java-sdk-route53/1.12.651/aws-java-sdk-route53-1.12.651.jar:/home/divum/.m2/repository/com/amazonaws/aws-java-sdk-s3/1.12.651/aws-java-sdk-s3-1.12.651.jar:/home/divum/.m2/repository/com/amazonaws/aws-java-sdk-importexport/1.12.651/aws-java-sdk-importexport-1.12.651.jar:/home/divum/.m2/repository/com/amazonaws/aws-java-sdk-sts/1.12.651/aws-java-sdk-sts-1.12.651.jar:/home/divum/.m2/repository/com/amazonaws/aws-java-sdk-sqs/1.12.651/aws-java-sdk-sqs-1.12.651.jar:/home/divum/.m2/repository/com/amazonaws/aws-java-sdk-rds/1.12.651/aws-java-sdk-rds-1.12.651.jar:/home/divum/.m2/repository/com/amazonaws/aws-java-sdk-redshift/1.12.651/aws-java-sdk-redshift-1.12.651.jar:/home/divum/.m2/repository/com/amazonaws/aws-java-sdk-elasticbeanstalk/1.12.651/aws-java-sdk-elasticbeanstalk-1.12.651.jar:/home/divum/.m2/repository/com/amazonaws/aws-java-sdk-glacier/1.12.651/aws-java-sdk-glacier-1.12.651.jar:/home/divum/.m2/repository/com/amazonaws/aws-java-sdk-iam/1.12.651/aws-java-sdk-iam-1.12.651.jar:/home/divum/.m2/repository/com/amazonaws/aws-java-sdk-datapipeline/1.12.651/aws-java-sdk-datapipeline-1.12.651.jar:/home/divum/.m2/repository/com/amazonaws/aws-java-sdk-elasticloadbalancing/1.12.651/aws-java-sdk-elasticloadbalancing-1.12.651.jar:/home/divum/.m2/repository/com/amazonaws/aws-java-sdk-elasticloadbalancingv2/1.12.651/aws-java-sdk-elasticloadbalancingv2-1.12.651.jar:/home/divum/.m2/repository/com/amazonaws/aws-java-sdk-emr/1.12.651/aws-java-sdk-emr-1.12.651.jar:/home/divum/.m2/repository/com/amazonaws/aws-java-sdk-elasticache/1.12.651/aws-java-sdk-elasticache-1.12.651.jar:/home/divum/.m2/repository/com/amazonaws/aws-java-sdk-elastictranscoder/1.12.651/aws-java-sdk-elastictranscoder-1.12.651.jar:/home/divum/.m2/repository/com/amazonaws/aws-java-sdk-ec2/1.12.651/aws-java-sdk-ec2-1.12.651.jar:/home/divum/.m2/repository/com/amazonaws/aws-java-sdk-dynamodb/1.12.651/aws-java-sdk-dynamodb-1.12.651.jar:/home/divum/.m2/repository/com/amazonaws/aws-java-sdk-sns/1.12.651/aws-java-sdk-sns-1.12.651.jar:/home/divum/.m2/repository/com/amazonaws/aws-java-sdk-budgets/1.12.651/aws-java-sdk-budgets-1.12.651.jar:/home/divum/.m2/repository/com/amazonaws/aws-java-sdk-cloudtrail/1.12.651/aws-java-sdk-cloudtrail-1.12.651.jar:/home/divum/.m2/repository/com/amazonaws/aws-java-sdk-cloudwatch/1.12.651/aws-java-sdk-cloudwatch-1.12.651.jar:/home/divum/.m2/repository/com/amazonaws/aws-java-sdk-logs/1.12.651/aws-java-sdk-logs-1.12.651.jar:/home/divum/.m2/repository/com/amazonaws/aws-java-sdk-events/1.12.651/aws-java-sdk-events-1.12.651.jar:/home/divum/.m2/repository/com/amazonaws/aws-java-sdk-cognitoidentity/1.12.651/aws-java-sdk-cognitoidentity-1.12.651.jar:/home/divum/.m2/repository/com/amazonaws/aws-java-sdk-cognitosync/1.12.651/aws-java-sdk-cognitosync-1.12.651.jar:/home/divum/.m2/repository/com/amazonaws/aws-java-sdk-directconnect/1.12.651/aws-java-sdk-directconnect-1.12.651.jar:/home/divum/.m2/repository/com/amazonaws/aws-java-sdk-cloudformation/1.12.651/aws-java-sdk-cloudformation-1.12.651.jar:/home/divum/.m2/repository/com/amazonaws/aws-java-sdk-cloudfront/1.12.651/aws-java-sdk-cloudfront-1.12.651.jar:/home/divum/.m2/repository/com/amazonaws/aws-java-sdk-clouddirectory/1.12.651/aws-java-sdk-clouddirectory-1.12.651.jar:/home/divum/.m2/repository/com/amazonaws/aws-java-sdk-kinesis/1.12.651/aws-java-sdk-kinesis-1.12.651.jar:/home/divum/.m2/repository/com/amazonaws/aws-java-sdk-opsworks/1.12.651/aws-java-sdk-opsworks-1.12.651.jar:/home/divum/.m2/repository/com/amazonaws/aws-java-sdk-ses/1.12.651/aws-java-sdk-ses-1.12.651.jar:/home/divum/.m2/repository/com/amazonaws/aws-java-sdk-autoscaling/1.12.651/aws-java-sdk-autoscaling-1.12.651.jar:/home/divum/.m2/repository/com/amazonaws/aws-java-sdk-cloudsearch/1.12.651/aws-java-sdk-cloudsearch-1.12.651.jar:/home/divum/.m2/repository/com/amazonaws/aws-java-sdk-cloudwatchmetrics/1.12.651/aws-java-sdk-cloudwatchmetrics-1.12.651.jar:/home/divum/.m2/repository/com/amazonaws/aws-java-sdk-codedeploy/1.12.651/aws-java-sdk-codedeploy-1.12.651.jar:/home/divum/.m2/repository/com/amazonaws/aws-java-sdk-codepipeline/1.12.651/aws-java-sdk-codepipeline-1.12.651.jar:/home/divum/.m2/repository/com/amazonaws/aws-java-sdk-kms/1.12.651/aws-java-sdk-kms-1.12.651.jar:/home/divum/.m2/repository/com/amazonaws/aws-java-sdk-config/1.12.651/aws-java-sdk-config-1.12.651.jar:/home/divum/.m2/repository/com/amazonaws/aws-java-sdk-lambda/1.12.651/aws-java-sdk-lambda-1.12.651.jar:/home/divum/.m2/repository/com/amazonaws/aws-java-sdk-ecs/1.12.651/aws-java-sdk-ecs-1.12.651.jar:/home/divum/.m2/repository/com/amazonaws/aws-java-sdk-ecr/1.12.651/aws-java-sdk-ecr-1.12.651.jar:/home/divum/.m2/repository/com/amazonaws/aws-java-sdk-cloudhsm/1.12.651/aws-java-sdk-cloudhsm-1.12.651.jar:/home/divum/.m2/repository/com/amazonaws/aws-java-sdk-ssm/1.12.651/aws-java-sdk-ssm-1.12.651.jar:/home/divum/.m2/repository/com/amazonaws/aws-java-sdk-workspaces/1.12.651/aws-java-sdk-workspaces-1.12.651.jar:/home/divum/.m2/repository/com/amazonaws/aws-java-sdk-machinelearning/1.12.651/aws-java-sdk-machinelearning-1.12.651.jar:/home/divum/.m2/repository/com/amazonaws/aws-java-sdk-directory/1.12.651/aws-java-sdk-directory-1.12.651.jar:/home/divum/.m2/repository/com/amazonaws/aws-java-sdk-efs/1.12.651/aws-java-sdk-efs-1.12.651.jar:/home/divum/.m2/repository/com/amazonaws/aws-java-sdk-codecommit/1.12.651/aws-java-sdk-codecommit-1.12.651.jar:/home/divum/.m2/repository/com/amazonaws/aws-java-sdk-devicefarm/1.12.651/aws-java-sdk-devicefarm-1.12.651.jar:/home/divum/.m2/repository/com/amazonaws/aws-java-sdk-elasticsearch/1.12.651/aws-java-sdk-elasticsearch-1.12.651.jar:/home/divum/.m2/repository/com/amazonaws/aws-java-sdk-waf/1.12.651/aws-java-sdk-waf-1.12.651.jar:/home/divum/.m2/repository/com/amazonaws/aws-java-sdk-marketplacecommerceanalytics/1.12.651/aws-java-sdk-marketplacecommerceanalytics-1.12.651.jar:/home/divum/.m2/repository/com/amazonaws/aws-java-sdk-inspector/1.12.651/aws-java-sdk-inspector-1.12.651.jar:/home/divum/.m2/repository/com/amazonaws/aws-java-sdk-iot/1.12.651/aws-java-sdk-iot-1.12.651.jar:/home/divum/.m2/repository/com/amazonaws/aws-java-sdk-api-gateway/1.12.651/aws-java-sdk-api-gateway-1.12.651.jar:/home/divum/.m2/repository/com/amazonaws/aws-java-sdk-acm/1.12.651/aws-java-sdk-acm-1.12.651.jar:/home/divum/.m2/repository/com/amazonaws/aws-java-sdk-gamelift/1.12.651/aws-java-sdk-gamelift-1.12.651.jar:/home/divum/.m2/repository/com/amazonaws/aws-java-sdk-dms/1.12.651/aws-java-sdk-dms-1.12.651.jar:/home/divum/.m2/repository/com/amazonaws/aws-java-sdk-marketplacemeteringservice/1.12.651/aws-java-sdk-marketplacemeteringservice-1.12.651.jar:/home/divum/.m2/repository/com/amazonaws/aws-java-sdk-cognitoidp/1.12.651/aws-java-sdk-cognitoidp-1.12.651.jar:/home/divum/.m2/repository/com/amazonaws/aws-java-sdk-discovery/1.12.651/aws-java-sdk-discovery-1.12.651.jar:/home/divum/.m2/repository/com/amazonaws/aws-java-sdk-applicationautoscaling/1.12.651/aws-java-sdk-applicationautoscaling-1.12.651.jar:/home/divum/.m2/repository/com/amazonaws/aws-java-sdk-snowball/1.12.651/aws-java-sdk-snowball-1.12.651.jar:/home/divum/.m2/repository/com/amazonaws/aws-java-sdk-rekognition/1.12.651/aws-java-sdk-rekognition-1.12.651.jar:/home/divum/.m2/repository/com/amazonaws/aws-java-sdk-polly/1.12.651/aws-java-sdk-polly-1.12.651.jar:/home/divum/.m2/repository/com/amazonaws/aws-java-sdk-lightsail/1.12.651/aws-java-sdk-lightsail-1.12.651.jar:/home/divum/.m2/repository/com/amazonaws/aws-java-sdk-stepfunctions/1.12.651/aws-java-sdk-stepfunctions-1.12.651.jar:/home/divum/.m2/repository/com/amazonaws/aws-java-sdk-health/1.12.651/aws-java-sdk-health-1.12.651.jar:/home/divum/.m2/repository/com/amazonaws/aws-java-sdk-costandusagereport/1.12.651/aws-java-sdk-costandusagereport-1.12.651.jar:/home/divum/.m2/repository/com/amazonaws/aws-java-sdk-codebuild/1.12.651/aws-java-sdk-codebuild-1.12.651.jar:/home/divum/.m2/repository/com/amazonaws/aws-java-sdk-appstream/1.12.651/aws-java-sdk-appstream-1.12.651.jar:/home/divum/.m2/repository/com/amazonaws/aws-java-sdk-shield/1.12.651/aws-java-sdk-shield-1.12.651.jar:/home/divum/.m2/repository/com/amazonaws/aws-java-sdk-batch/1.12.651/aws-java-sdk-batch-1.12.651.jar:/home/divum/.m2/repository/com/amazonaws/aws-java-sdk-lex/1.12.651/aws-java-sdk-lex-1.12.651.jar:/home/divum/.m2/repository/com/amazonaws/aws-java-sdk-mechanicalturkrequester/1.12.651/aws-java-sdk-mechanicalturkrequester-1.12.651.jar:/home/divum/.m2/repository/com/amazonaws/aws-java-sdk-organizations/1.12.651/aws-java-sdk-organizations-1.12.651.jar:/home/divum/.m2/repository/com/amazonaws/aws-java-sdk-workdocs/1.12.651/aws-java-sdk-workdocs-1.12.651.jar:/home/divum/.m2/repository/com/amazonaws/aws-java-sdk-core/1.12.651/aws-java-sdk-core-1.12.651.jar:/home/divum/.m2/repository/com/fasterxml/jackson/dataformat/jackson-dataformat-cbor/2.15.3/jackson-dataformat-cbor-2.15.3.jar:/home/divum/.m2/repository/joda-time/joda-time/2.8.1/joda-time-2.8.1.jar:/home/divum/.m2/repository/com/amazonaws/aws-java-sdk-models/1.12.651/aws-java-sdk-models-1.12.651.jar:/home/divum/.m2/repository/com/amazonaws/aws-java-sdk-swf-libraries/1.11.22/aws-java-sdk-swf-libraries-1.11.22.jar:/home/divum/.m2/repository/javax/xml/bind/jaxb-api/2.3.1/jaxb-api-2.3.1.jar:/home/divum/.m2/repository/javax/activation/javax.activation-api/1.2.0/javax.activation-api-1.2.0.jar:/home/divum/.m2/repository/org/springframework/boot/spring-boot-starter-actuator/3.2.2/spring-boot-starter-actuator-3.2.2.jar:/home/divum/.m2/repository/org/springframework/boot/spring-boot-actuator-autoconfigure/3.2.2/spring-boot-actuator-autoconfigure-3.2.2.jar:/home/divum/.m2/repository/org/springframework/boot/spring-boot-actuator/3.2.2/spring-boot-actuator-3.2.2.jar:/home/divum/.m2/repository/io/micrometer/micrometer-jakarta9/1.12.2/micrometer-jakarta9-1.12.2.jar:/home/divum/.m2/repository/io/micrometer/micrometer-core/1.12.2/micrometer-core-1.12.2.jar:/home/divum/.m2/repository/org/hdrhistogram/HdrHistogram/2.1.12/HdrHistogram-2.1.12.jar:/home/divum/.m2/repository/org/latencyutils/LatencyUtils/2.0.3/LatencyUtils-2.0.3.jar:"/>
    <property name="sun.cpu.endian" value="little"/>
    <property name="user.home" value="/home/divum"/>
    <property name="user.language" value="en"/>
    <property name="java.specification.vendor" value="Oracle Corporation"/>
    <property name="java.version.date" value="2023-10-17"/>
    <property name="java.home" value="/usr/lib/jvm/java-17-openjdk-amd64"/>
    <property name="file.separator" value="/"/>
    <property name="basedir" value="/home/divum/Documents/Meeting-Room-Booking/backend"/>
    <property name="java.vm.compressedOopsMode" value="Zero based"/>
    <property name="line.separator" value="&#10;"/>
    <property name="java.vm.specification.vendor" value="Oracle Corporation"/>
    <property name="java.specification.name" value="Java Platform API Specification"/>
    <property name="surefire.real.class.path" value="/home/divum/Documents/Meeting-Room-Booking/backend/target/surefire/surefirebooter-20240327101005031_3.jar"/>
    <property name="sun.management.compiler" value="HotSpot 64-Bit Tiered Compilers"/>
    <property name="java.runtime.version" value="17.0.9+9-Ubuntu-123.04"/>
    <property name="user.name" value="divum"/>
    <property name="path.separator" value=":"/>
    <property name="os.version" value="6.2.0-39-generic"/>
    <property name="java.runtime.name" value="OpenJDK Runtime Environment"/>
    <property name="file.encoding" value="UTF-8"/>
    <property name="java.vm.name" value="OpenJDK 64-Bit Server VM"/>
    <property name="localRepository" value="/home/divum/.m2/repository"/>
    <property name="java.vendor.url.bug" value="Unknown"/>
    <property name="java.io.tmpdir" value="/tmp"/>
    <property name="java.version" value="17.0.9"/>
    <property name="user.dir" value="/home/divum/Documents/Meeting-Room-Booking/backend"/>
    <property name="os.arch" value="amd64"/>
    <property name="java.vm.specification.name" value="Java Virtual Machine Specification"/>
    <property name="native.encoding" value="UTF-8"/>
    <property name="java.library.path" value="/usr/java/packages/lib:/usr/lib/x86_64-linux-gnu/jni:/lib/x86_64-linux-gnu:/usr/lib/x86_64-linux-gnu:/usr/lib/jni:/lib:/usr/lib"/>
    <property name="java.vm.info" value="mixed mode, sharing"/>
    <property name="java.vendor" value="Private Build"/>
    <property name="java.vm.version" value="17.0.9+9-Ubuntu-123.04"/>
    <property name="sun.io.unicode.encoding" value="UnicodeLittle"/>
    <property name="java.class.version" value="61.0"/>
  </properties>
  <testcase name="viewAllSlotsTest" classname="com.divum.MeetingRoomBlocker.ControllerTest.MeetingEntityControllerTest" time="0.029"/>
  <testcase name="yearsAndMonthsMeetingsTest" classname="com.divum.MeetingRoomBlocker.ControllerTest.MeetingEntityControllerTest" time="0.003"/>
</testsuite>